<testsuites id="" name="" tests="1785" failures="0" skipped="1785" errors="0" time="0.146355">
<testsuite name="e2e/accessibility.spec.ts" timestamp="2026-02-02T07:36:53.103Z" hostname="chromium" tests="23" failures="0" skipped="23" time="0" errors="0">
<testcase name="Accessibility › Axe-Core WCAG 2.0 AA Audit › dashboard page has no accessibility violations" classname="e2e/accessibility.spec.ts" time="0">
<skipped>
</skipped>
</testcase>
<testcase name="Accessibility › Axe-Core WCAG 2.0 AA Audit › login page has no accessibility violations" classname="e2e/accessibility.spec.ts" time="0">
<skipped>
</skipped>
</testcase>
<testcase name="Accessibility › Axe-Core WCAG 2.0 AA Audit › nodes page has no accessibility violations" classname="e2e/accessibility.spec.ts" time="0">
<skipped>
</skipped>
</testcase>
<testcase name="Accessibility › Axe-Core WCAG 2.0 AA Audit › clusters page has no accessibility violations" classname="e2e/accessibility.spec.ts" time="0">
<skipped>
</skipped>
</testcase>
<testcase name="Accessibility › Axe-Core WCAG 2.0 AA Audit › settings page has no accessibility violations" classname="e2e/accessibility.spec.ts" time="0">
<skipped>
</skipped>
</testcase>
<testcase name="Accessibility › Axe-Core WCAG 2.0 AA Audit › help page has no accessibility violations" classname="e2e/accessibility.spec.ts" time="0">
<skipped>
</skipped>
</testcase>
<testcase name="Accessibility › Axe-Core WCAG 2.0 AA Audit › documentation page has no accessibility violations" classname="e2e/accessibility.spec.ts" time="0">
<skipped>
</skipped>
</testcase>
<testcase name="Accessibility › Form Label Association › login form inputs have associated labels" classname="e2e/accessibility.spec.ts" time="0">
<skipped>
</skipped>
</testcase>
<testcase name="Accessibility › Form Label Association › settings form inputs have associated labels" classname="e2e/accessibility.spec.ts" time="0">
<skipped>
</skipped>
</testcase>
<testcase name="Accessibility › Form Label Association › authentication settings form inputs have associated labels" classname="e2e/accessibility.spec.ts" time="0">
<skipped>
</skipped>
</testcase>
<testcase name="Accessibility › Form Label Association › monitoring settings form inputs have associated labels" classname="e2e/accessibility.spec.ts" time="0">
<skipped>
</skipped>
</testcase>
<testcase name="Accessibility › Form Label Association › all visible form inputs have accessible names via axe label rule" classname="e2e/accessibility.spec.ts" time="0">
<skipped>
</skipped>
</testcase>
<testcase name="Accessibility › Keyboard Navigation › sidebar links are reachable via Tab key" classname="e2e/accessibility.spec.ts" time="0">
<skipped>
</skipped>
</testcase>
<testcase name="Accessibility › Keyboard Navigation › interactive elements have visible focus indicators" classname="e2e/accessibility.spec.ts" time="0">
<skipped>
</skipped>
</testcase>
<testcase name="Accessibility › Keyboard Navigation › Tab key moves focus forward through interactive elements" classname="e2e/accessibility.spec.ts" time="0">
<skipped>
</skipped>
</testcase>
<testcase name="Accessibility › Keyboard Navigation › Shift+Tab moves focus backwards" classname="e2e/accessibility.spec.ts" time="0">
<skipped>
</skipped>
</testcase>
<testcase name="Accessibility › Keyboard Navigation › Enter key activates focused links" classname="e2e/accessibility.spec.ts" time="0">
<skipped>
</skipped>
</testcase>
<testcase name="Accessibility › Keyboard Navigation › tab order follows logical document flow" classname="e2e/accessibility.spec.ts" time="0">
<skipped>
</skipped>
</testcase>
<testcase name="Accessibility › ARIA Landmarks › page has a main landmark" classname="e2e/accessibility.spec.ts" time="0">
<skipped>
</skipped>
</testcase>
<testcase name="Accessibility › ARIA Landmarks › page has a navigation landmark" classname="e2e/accessibility.spec.ts" time="0">
<skipped>
</skipped>
</testcase>
<testcase name="Accessibility › ARIA Landmarks › headings follow proper hierarchy" classname="e2e/accessibility.spec.ts" time="0">
<skipped>
</skipped>
</testcase>
<testcase name="Accessibility › ARIA Landmarks › images have alt text" classname="e2e/accessibility.spec.ts" time="0">
<skipped>
</skipped>
</testcase>
<testcase name="Accessibility › ARIA Landmarks › color contrast meets WCAG AA requirements" classname="e2e/accessibility.spec.ts" time="0">
<skipped>
</skipped>
</testcase>
</testsuite>
<testsuite name="e2e/auth.spec.ts" timestamp="2026-02-02T07:36:53.103Z" hostname="chromium" tests="77" failures="0" skipped="77" time="0" errors="0">
<testcase name="Auth - Login Flow › renders login page with form elements" classname="e2e/auth.spec.ts" time="0">
<skipped>
</skipped>
</testcase>
<testcase name="Auth - Login Flow › login with valid credentials redirects to dashboard" classname="e2e/auth.spec.ts" time="0">
<skipped>
</skipped>
</testcase>
<testcase name="Auth - Login Flow › login form shows validation errors for empty fields" classname="e2e/auth.spec.ts" time="0">
<skipped>
</skipped>
</testcase>
<testcase name="Auth - Login Flow › login form shows error for short username" classname="e2e/auth.spec.ts" time="0">
<skipped>
</skipped>
</testcase>
<testcase name="Auth - Login Flow › login form shows error for short password" classname="e2e/auth.spec.ts" time="0">
<skipped>
</skipped>
</testcase>
<testcase name="Auth - Login Flow › login form shows error on failed authentication" classname="e2e/auth.spec.ts" time="0">
<skipped>
</skipped>
</testcase>
<testcase name="Auth - Login Flow › password visibility toggle works" classname="e2e/auth.spec.ts" time="0">
<skipped>
</skipped>
</testcase>
<testcase name="Auth - Login Flow › navigate to register page from login" classname="e2e/auth.spec.ts" time="0">
<skipped>
</skipped>
</testcase>
<testcase name="Auth - Login Flow › remember me checkbox is functional" classname="e2e/auth.spec.ts" time="0">
<skipped>
</skipped>
</testcase>
<testcase name="Auth - Registration › renders registration page with form elements" classname="e2e/auth.spec.ts" time="0">
<skipped>
</skipped>
</testcase>
<testcase name="Auth - Registration › successful registration with valid data redirects to dashboard" classname="e2e/auth.spec.ts" time="0">
<skipped>
</skipped>
</testcase>
<testcase name="Auth - Registration › shows validation error for empty username" classname="e2e/auth.spec.ts" time="0">
<skipped>
</skipped>
</testcase>
<testcase name="Auth - Registration › shows validation error for password mismatch" classname="e2e/auth.spec.ts" time="0">
<skipped>
</skipped>
</testcase>
<testcase name="Auth - Registration › shows validation error for invalid email format" classname="e2e/auth.spec.ts" time="0">
<skipped>
</skipped>
</testcase>
<testcase name="Auth - Registration › shows password strength indicator" classname="e2e/auth.spec.ts" time="0">
<skipped>
</skipped>
</testcase>
<testcase name="Auth - Registration › shows password match confirmation" classname="e2e/auth.spec.ts" time="0">
<skipped>
</skipped>
</testcase>
<testcase name="Auth - Registration › terms agreement is required" classname="e2e/auth.spec.ts" time="0">
<skipped>
</skipped>
</testcase>
<testcase name="Auth - Registration › navigate to login page from register" classname="e2e/auth.spec.ts" time="0">
<skipped>
</skipped>
</testcase>
<testcase name="Auth - Registration › shows error on registration API failure" classname="e2e/auth.spec.ts" time="0">
<skipped>
</skipped>
</testcase>
<testcase name="Auth - Protected Routes › unauthenticated access to dashboard loads login or dashboard" classname="e2e/auth.spec.ts" time="0">
<skipped>
</skipped>
</testcase>
<testcase name="Auth - Protected Routes › unauthenticated access to nodes page" classname="e2e/auth.spec.ts" time="0">
<skipped>
</skipped>
</testcase>
<testcase name="Auth - Protected Routes › unauthenticated access to settings page" classname="e2e/auth.spec.ts" time="0">
<skipped>
</skipped>
</testcase>
<testcase name="Auth - Protected Routes › unauthenticated access to clusters page" classname="e2e/auth.spec.ts" time="0">
<skipped>
</skipped>
</testcase>
<testcase name="Auth - Protected Routes › authenticated user can access all protected routes" classname="e2e/auth.spec.ts" time="0">
<skipped>
</skipped>
</testcase>
<testcase name="Auth - Protected Routes › authenticated user is redirected from login page to dashboard" classname="e2e/auth.spec.ts" time="0">
<skipped>
</skipped>
</testcase>
<testcase name="Auth - Protected Routes › logout clears auth state" classname="e2e/auth.spec.ts" time="0">
<skipped>
</skipped>
</testcase>
<testcase name="Auth - Invalid Login and Form Validation › shows error for wrong password with valid username" classname="e2e/auth.spec.ts" time="0">
<skipped>
</skipped>
</testcase>
<testcase name="Auth - Invalid Login and Form Validation › shows error for non-existent user" classname="e2e/auth.spec.ts" time="0">
<skipped>
</skipped>
</testcase>
<testcase name="Auth - Invalid Login and Form Validation › SQL injection in username fails gracefully" classname="e2e/auth.spec.ts" time="0">
<skipped>
</skipped>
</testcase>
<testcase name="Auth - Invalid Login and Form Validation › XSS payload in username field is sanitized" classname="e2e/auth.spec.ts" time="0">
<skipped>
</skipped>
</testcase>
<testcase name="Auth - Invalid Login and Form Validation › XSS payload in password field is sanitized" classname="e2e/auth.spec.ts" time="0">
<skipped>
</skipped>
</testcase>
<testcase name="Auth - Invalid Login and Form Validation › account lockout after multiple failed attempts" classname="e2e/auth.spec.ts" time="0">
<skipped>
</skipped>
</testcase>
<testcase name="Auth - Security: SQL Injection › login rejects SQL injection payload: &apos; OR &apos;1&apos;=&apos;1..." classname="e2e/auth.spec.ts" time="0">
<skipped>
</skipped>
</testcase>
<testcase name="Auth - Security: SQL Injection › login rejects SQL injection payload: &apos;; DROP TABLE users; --..." classname="e2e/auth.spec.ts" time="0">
<skipped>
</skipped>
</testcase>
<testcase name="Auth - Security: SQL Injection › login rejects SQL injection payload: admin&apos;--..." classname="e2e/auth.spec.ts" time="0">
<skipped>
</skipped>
</testcase>
<testcase name="Auth - Security: SQL Injection › login rejects SQL injection payload: 1&apos; UNION SELECT * FROM users -..." classname="e2e/auth.spec.ts" time="0">
<skipped>
</skipped>
</testcase>
<testcase name="Auth - Security: SQL Injection › login rejects SQL injection payload: &apos; OR 1=1 --..." classname="e2e/auth.spec.ts" time="0">
<skipped>
</skipped>
</testcase>
<testcase name="Auth - Security: SQL Injection › login rejects SQL injection payload: &apos;; INSERT INTO users VALUES (&apos;..." classname="e2e/auth.spec.ts" time="0">
<skipped>
</skipped>
</testcase>
<testcase name="Auth - Security: SQL Injection › login rejects SQL injection payload: 1; EXEC xp_cmdshell(&apos;dir&apos;) --..." classname="e2e/auth.spec.ts" time="0">
<skipped>
</skipped>
</testcase>
<testcase name="Auth - Security: SQL Injection › registration rejects SQL injection in username: &apos; OR &apos;1&apos;=&apos;1..." classname="e2e/auth.spec.ts" time="0">
<skipped>
</skipped>
</testcase>
<testcase name="Auth - Security: SQL Injection › registration rejects SQL injection in username: &apos;; DROP TABLE users; --..." classname="e2e/auth.spec.ts" time="0">
<skipped>
</skipped>
</testcase>
<testcase name="Auth - Security: SQL Injection › registration rejects SQL injection in username: admin&apos;--..." classname="e2e/auth.spec.ts" time="0">
<skipped>
</skipped>
</testcase>
<testcase name="Auth - Security: SQL Injection › SQL injection in email field during registration is rejected" classname="e2e/auth.spec.ts" time="0">
<skipped>
</skipped>
</testcase>
<testcase name="Auth - Security: XSS Prevention › login sanitizes XSS payload: &lt;script&gt;alert(&quot;xss&quot;)&lt;/script&gt;..." classname="e2e/auth.spec.ts" time="0">
<skipped>
</skipped>
</testcase>
<testcase name="Auth - Security: XSS Prevention › login sanitizes XSS payload: &lt;img src=x onerror=alert(&quot;xss&quot;..." classname="e2e/auth.spec.ts" time="0">
<skipped>
</skipped>
</testcase>
<testcase name="Auth - Security: XSS Prevention › login sanitizes XSS payload: &quot;&gt;&lt;svg onload=alert(1)&gt;..." classname="e2e/auth.spec.ts" time="0">
<skipped>
</skipped>
</testcase>
<testcase name="Auth - Security: XSS Prevention › login sanitizes XSS payload: javascript:alert(&apos;xss&apos;)..." classname="e2e/auth.spec.ts" time="0">
<skipped>
</skipped>
</testcase>
<testcase name="Auth - Security: XSS Prevention › login sanitizes XSS payload: &lt;iframe src=&quot;javascript:alert(..." classname="e2e/auth.spec.ts" time="0">
<skipped>
</skipped>
</testcase>
<testcase name="Auth - Security: XSS Prevention › login sanitizes XSS payload: &lt;body onload=alert(&quot;xss&quot;)&gt;..." classname="e2e/auth.spec.ts" time="0">
<skipped>
</skipped>
</testcase>
<testcase name="Auth - Security: XSS Prevention › login sanitizes XSS payload: {{constructor.constructor(&quot;ret..." classname="e2e/auth.spec.ts" time="0">
<skipped>
</skipped>
</testcase>
<testcase name="Auth - Security: XSS Prevention › registration sanitizes XSS in username: &lt;script&gt;alert(&quot;xss&quot;)&lt;/script&gt;..." classname="e2e/auth.spec.ts" time="0">
<skipped>
</skipped>
</testcase>
<testcase name="Auth - Security: XSS Prevention › registration sanitizes XSS in username: &lt;img src=x onerror=alert(&quot;xss&quot;..." classname="e2e/auth.spec.ts" time="0">
<skipped>
</skipped>
</testcase>
<testcase name="Auth - Security: XSS Prevention › registration sanitizes XSS in username: &quot;&gt;&lt;svg onload=alert(1)&gt;..." classname="e2e/auth.spec.ts" time="0">
<skipped>
</skipped>
</testcase>
<testcase name="Auth - Security: XSS Prevention › XSS in registration email field does not execute" classname="e2e/auth.spec.ts" time="0">
<skipped>
</skipped>
</testcase>
<testcase name="Auth - Security: XSS Prevention › error messages do not render raw HTML from user input" classname="e2e/auth.spec.ts" time="0">
<skipped>
</skipped>
</testcase>
<testcase name="Auth - Remember Me and Session Persistence › remember me checkbox is present and toggleable" classname="e2e/auth.spec.ts" time="0">
<skipped>
</skipped>
</testcase>
<testcase name="Auth - Remember Me and Session Persistence › login with remember me stores persistent token" classname="e2e/auth.spec.ts" time="0">
<skipped>
</skipped>
</testcase>
<testcase name="Auth - Remember Me and Session Persistence › login without remember me still stores session token" classname="e2e/auth.spec.ts" time="0">
<skipped>
</skipped>
</testcase>
<testcase name="Auth - Remember Me and Session Persistence › session persists after page reload when logged in" classname="e2e/auth.spec.ts" time="0">
<skipped>
</skipped>
</testcase>
<testcase name="Auth - Remember Me and Session Persistence › user data is stored alongside token" classname="e2e/auth.spec.ts" time="0">
<skipped>
</skipped>
</testcase>
<testcase name="Auth - Advanced Registration Validation › username minimum length validation" classname="e2e/auth.spec.ts" time="0">
<skipped>
</skipped>
</testcase>
<testcase name="Auth - Advanced Registration Validation › username with special characters validation" classname="e2e/auth.spec.ts" time="0">
<skipped>
</skipped>
</testcase>
<testcase name="Auth - Advanced Registration Validation › password requires minimum complexity" classname="e2e/auth.spec.ts" time="0">
<skipped>
</skipped>
</testcase>
<testcase name="Auth - Advanced Registration Validation › password with only numbers is flagged as weak" classname="e2e/auth.spec.ts" time="0">
<skipped>
</skipped>
</testcase>
<testcase name="Auth - Advanced Registration Validation › password with mixed case, numbers, and symbols is strong" classname="e2e/auth.spec.ts" time="0">
<skipped>
</skipped>
</testcase>
<testcase name="Auth - Advanced Registration Validation › email domain validation rejects obviously invalid domains" classname="e2e/auth.spec.ts" time="0">
<skipped>
</skipped>
</testcase>
<testcase name="Auth - Advanced Registration Validation › confirm password field shows mismatch error immediately" classname="e2e/auth.spec.ts" time="0">
<skipped>
</skipped>
</testcase>
<testcase name="Auth - Advanced Registration Validation › registration with empty email shows appropriate error" classname="e2e/auth.spec.ts" time="0">
<skipped>
</skipped>
</testcase>
<testcase name="Auth - Advanced Registration Validation › all registration form fields are clearable" classname="e2e/auth.spec.ts" time="0">
<skipped>
</skipped>
</testcase>
<testcase name="Auth - Session Timeout and Logout › logout clears all auth tokens from storage" classname="e2e/auth.spec.ts" time="0">
<skipped>
</skipped>
</testcase>
<testcase name="Auth - Session Timeout and Logout › expired token results in redirect to login" classname="e2e/auth.spec.ts" time="0">
<skipped>
</skipped>
</testcase>
<testcase name="Auth - Session Timeout and Logout › session timeout shows appropriate message" classname="e2e/auth.spec.ts" time="0">
<skipped>
</skipped>
</testcase>
<testcase name="Auth - Session Timeout and Logout › after logout, protected routes are inaccessible" classname="e2e/auth.spec.ts" time="0">
<skipped>
</skipped>
</testcase>
<testcase name="Auth - Brute Force and Rate Limiting › rate limit kicks in after rapid consecutive failed logins" classname="e2e/auth.spec.ts" time="0">
<skipped>
</skipped>
</testcase>
<testcase name="Auth - Brute Force and Rate Limiting › rate limit response includes retry information" classname="e2e/auth.spec.ts" time="0">
<skipped>
</skipped>
</testcase>
<testcase name="Auth - Brute Force and Rate Limiting › login form remains functional after rate limit expires" classname="e2e/auth.spec.ts" time="0">
<skipped>
</skipped>
</testcase>
<testcase name="Auth - Brute Force and Rate Limiting › different usernames are tracked separately for rate limiting" classname="e2e/auth.spec.ts" time="0">
<skipped>
</skipped>
</testcase>
</testsuite>
<testsuite name="e2e/clusters.spec.ts" timestamp="2026-02-02T07:36:53.103Z" hostname="chromium" tests="51" failures="0" skipped="51" time="0" errors="0">
<testcase name="Clusters › with mocked data › renders page heading and subtitle" classname="e2e/clusters.spec.ts" time="0">
<skipped>
</skipped>
</testcase>
<testcase name="Clusters › with mocked data › displays cluster cards with mocked data" classname="e2e/clusters.spec.ts" time="0">
<skipped>
</skipped>
</testcase>
<testcase name="Clusters › with mocked data › displays New Cluster and Refresh buttons" classname="e2e/clusters.spec.ts" time="0">
<skipped>
</skipped>
</testcase>
<testcase name="Clusters › with mocked data › displays tab filters with counts" classname="e2e/clusters.spec.ts" time="0">
<skipped>
</skipped>
</testcase>
<testcase name="Clusters › with mocked data › search input filters clusters" classname="e2e/clusters.spec.ts" time="0">
<skipped>
</skipped>
</testcase>
<testcase name="Clusters › with mocked data › kubernetes tab filters to kubernetes/k3s clusters only" classname="e2e/clusters.spec.ts" time="0">
<skipped>
</skipped>
</testcase>
<testcase name="Clusters › cluster data verification › all cluster names from mock data are displayed" classname="e2e/clusters.spec.ts" time="0">
<skipped>
</skipped>
</testcase>
<testcase name="Clusters › cluster data verification › cluster cards display correct status indicators" classname="e2e/clusters.spec.ts" time="0">
<skipped>
</skipped>
</testcase>
<testcase name="Clusters › cluster data verification › cluster cards display node count information" classname="e2e/clusters.spec.ts" time="0">
<skipped>
</skipped>
</testcase>
<testcase name="Clusters › cluster data verification › cluster type information is visible" classname="e2e/clusters.spec.ts" time="0">
<skipped>
</skipped>
</testcase>
<testcase name="Clusters › cluster data verification › correct total cluster count rendered" classname="e2e/clusters.spec.ts" time="0">
<skipped>
</skipped>
</testcase>
<testcase name="Clusters › cluster data verification › cluster descriptions are accessible in cards" classname="e2e/clusters.spec.ts" time="0">
<skipped>
</skipped>
</testcase>
<testcase name="Clusters › error and empty states › shows error state when API fails" classname="e2e/clusters.spec.ts" time="0">
<skipped>
</skipped>
</testcase>
<testcase name="Clusters › error and empty states › shows empty state when no clusters exist" classname="e2e/clusters.spec.ts" time="0">
<skipped>
</skipped>
</testcase>
<testcase name="Clusters › cluster filtering by type › kubernetes tab shows only kubernetes and k3s clusters" classname="e2e/clusters.spec.ts" time="0">
<skipped>
</skipped>
</testcase>
<testcase name="Clusters › cluster filtering by type › docker tab shows only docker clusters" classname="e2e/clusters.spec.ts" time="0">
<skipped>
</skipped>
</testcase>
<testcase name="Clusters › cluster filtering by type › custom tab shows only custom clusters" classname="e2e/clusters.spec.ts" time="0">
<skipped>
</skipped>
</testcase>
<testcase name="Clusters › cluster filtering by type › all tab shows all clusters after filtering" classname="e2e/clusters.spec.ts" time="0">
<skipped>
</skipped>
</testcase>
<testcase name="Clusters › cluster filtering by type › filtered count matches expected cluster count per type" classname="e2e/clusters.spec.ts" time="0">
<skipped>
</skipped>
</testcase>
<testcase name="Clusters › cluster filtering by type › search combined with type filter narrows results" classname="e2e/clusters.spec.ts" time="0">
<skipped>
</skipped>
</testcase>
<testcase name="Clusters › cluster creation wizard › New Cluster button opens creation dialog or wizard" classname="e2e/clusters.spec.ts" time="0">
<skipped>
</skipped>
</testcase>
<testcase name="Clusters › cluster creation wizard › wizard displays cluster name input field" classname="e2e/clusters.spec.ts" time="0">
<skipped>
</skipped>
</testcase>
<testcase name="Clusters › cluster creation wizard › wizard displays cluster type selector" classname="e2e/clusters.spec.ts" time="0">
<skipped>
</skipped>
</testcase>
<testcase name="Clusters › cluster creation wizard › wizard can be cancelled/closed" classname="e2e/clusters.spec.ts" time="0">
<skipped>
</skipped>
</testcase>
<testcase name="Clusters › cluster creation wizard › wizard validates required fields before proceeding" classname="e2e/clusters.spec.ts" time="0">
<skipped>
</skipped>
</testcase>
<testcase name="Clusters › cluster creation wizard › wizard navigation: back and next buttons work" classname="e2e/clusters.spec.ts" time="0">
<skipped>
</skipped>
</testcase>
<testcase name="Clusters › cluster search functionality › search input is visible and accessible" classname="e2e/clusters.spec.ts" time="0">
<skipped>
</skipped>
</testcase>
<testcase name="Clusters › cluster search functionality › searching by partial name matches correct clusters" classname="e2e/clusters.spec.ts" time="0">
<skipped>
</skipped>
</testcase>
<testcase name="Clusters › cluster search functionality › search is case-insensitive" classname="e2e/clusters.spec.ts" time="0">
<skipped>
</skipped>
</testcase>
<testcase name="Clusters › cluster search functionality › clearing search restores all clusters" classname="e2e/clusters.spec.ts" time="0">
<skipped>
</skipped>
</testcase>
<testcase name="Clusters › cluster search functionality › search with no results hides all cluster cards" classname="e2e/clusters.spec.ts" time="0">
<skipped>
</skipped>
</testcase>
<testcase name="Clusters › cluster search functionality › search by description matches clusters" classname="e2e/clusters.spec.ts" time="0">
<skipped>
</skipped>
</testcase>
<testcase name="Clusters › cluster card content and new cluster button › each cluster card shows name prominently" classname="e2e/clusters.spec.ts" time="0">
<skipped>
</skipped>
</testcase>
<testcase name="Clusters › cluster card content and new cluster button › each cluster card shows status badge" classname="e2e/clusters.spec.ts" time="0">
<skipped>
</skipped>
</testcase>
<testcase name="Clusters › cluster card content and new cluster button › each cluster card shows cluster type" classname="e2e/clusters.spec.ts" time="0">
<skipped>
</skipped>
</testcase>
<testcase name="Clusters › cluster card content and new cluster button › cluster cards show node count" classname="e2e/clusters.spec.ts" time="0">
<skipped>
</skipped>
</testcase>
<testcase name="Clusters › cluster card content and new cluster button › cluster cards show description" classname="e2e/clusters.spec.ts" time="0">
<skipped>
</skipped>
</testcase>
<testcase name="Clusters › cluster card content and new cluster button › New Cluster button is visible and enabled" classname="e2e/clusters.spec.ts" time="0">
<skipped>
</skipped>
</testcase>
<testcase name="Clusters › cluster card content and new cluster button › New Cluster button has appropriate icon or label" classname="e2e/clusters.spec.ts" time="0">
<skipped>
</skipped>
</testcase>
<testcase name="Clusters › wizard form input validation › empty cluster name shows validation error" classname="e2e/clusters.spec.ts" time="0">
<skipped>
</skipped>
</testcase>
<testcase name="Clusters › wizard form input validation › cluster name with only whitespace is rejected" classname="e2e/clusters.spec.ts" time="0">
<skipped>
</skipped>
</testcase>
<testcase name="Clusters › wizard form input validation › very long cluster name is handled gracefully" classname="e2e/clusters.spec.ts" time="0">
<skipped>
</skipped>
</testcase>
<testcase name="Clusters › wizard form input validation › cluster name with special characters is validated" classname="e2e/clusters.spec.ts" time="0">
<skipped>
</skipped>
</testcase>
<testcase name="Clusters › wizard form input validation › wizard form elements have proper labels" classname="e2e/clusters.spec.ts" time="0">
<skipped>
</skipped>
</testcase>
<testcase name="Clusters › cluster details page verification › clicking a cluster card navigates to details" classname="e2e/clusters.spec.ts" time="0">
<skipped>
</skipped>
</testcase>
<testcase name="Clusters › cluster details page verification › cluster details shows cluster name" classname="e2e/clusters.spec.ts" time="0">
<skipped>
</skipped>
</testcase>
<testcase name="Clusters › cluster details page verification › cluster details shows status" classname="e2e/clusters.spec.ts" time="0">
<skipped>
</skipped>
</testcase>
<testcase name="Clusters › cluster details page verification › cluster details shows type information" classname="e2e/clusters.spec.ts" time="0">
<skipped>
</skipped>
</testcase>
<testcase name="Clusters › cluster details page verification › cluster details shows node count" classname="e2e/clusters.spec.ts" time="0">
<skipped>
</skipped>
</testcase>
<testcase name="Clusters › cluster details page verification › cluster details page has back navigation" classname="e2e/clusters.spec.ts" time="0">
<skipped>
</skipped>
</testcase>
<testcase name="Clusters › cluster details page verification › cluster details handles non-existent cluster gracefully" classname="e2e/clusters.spec.ts" time="0">
<skipped>
</skipped>
</testcase>
</testsuite>
<testsuite name="e2e/dashboard.spec.ts" timestamp="2026-02-02T07:36:53.103Z" hostname="chromium" tests="37" failures="0" skipped="37" time="0" errors="0">
<testcase name="Dashboard › renders page heading and subtitle" classname="e2e/dashboard.spec.ts" time="0">
<skipped>
</skipped>
</testcase>
<testcase name="Dashboard › displays four stats cards with mocked data" classname="e2e/dashboard.spec.ts" time="0">
<skipped>
</skipped>
</testcase>
<testcase name="Dashboard › displays Refresh button" classname="e2e/dashboard.spec.ts" time="0">
<skipped>
</skipped>
</testcase>
<testcase name="Dashboard › displays Quick Actions with navigation links" classname="e2e/dashboard.spec.ts" time="0">
<skipped>
</skipped>
</testcase>
<testcase name="Dashboard › displays node list when nodes are present" classname="e2e/dashboard.spec.ts" time="0">
<skipped>
</skipped>
</testcase>
<testcase name="Dashboard › displays System Health card with mocked health data" classname="e2e/dashboard.spec.ts" time="0">
<skipped>
</skipped>
</testcase>
<testcase name="Dashboard › navigates to clusters page via Quick Actions" classname="e2e/dashboard.spec.ts" time="0">
<skipped>
</skipped>
</testcase>
<testcase name="Dashboard › Overview Metrics › displays total node count from mock data" classname="e2e/dashboard.spec.ts" time="0">
<skipped>
</skipped>
</testcase>
<testcase name="Dashboard › Overview Metrics › displays correct online and offline node counts" classname="e2e/dashboard.spec.ts" time="0">
<skipped>
</skipped>
</testcase>
<testcase name="Dashboard › Overview Metrics › displays cluster count from mock data" classname="e2e/dashboard.spec.ts" time="0">
<skipped>
</skipped>
</testcase>
<testcase name="Dashboard › Overview Metrics › displays average CPU usage metric" classname="e2e/dashboard.spec.ts" time="0">
<skipped>
</skipped>
</testcase>
<testcase name="Dashboard › Overview Metrics › displays temperature status" classname="e2e/dashboard.spec.ts" time="0">
<skipped>
</skipped>
</testcase>
<testcase name="Dashboard › Overview Metrics › stats cards render all four metric categories" classname="e2e/dashboard.spec.ts" time="0">
<skipped>
</skipped>
</testcase>
<testcase name="Dashboard › Overview Metrics › node list on dashboard matches mock data hostnames" classname="e2e/dashboard.spec.ts" time="0">
<skipped>
</skipped>
</testcase>
<testcase name="Dashboard › Overview Metrics › node list shows IP addresses from mock data" classname="e2e/dashboard.spec.ts" time="0">
<skipped>
</skipped>
</testcase>
<testcase name="Dashboard › Overview Metrics › system health card shows version from mock data" classname="e2e/dashboard.spec.ts" time="0">
<skipped>
</skipped>
</testcase>
<testcase name="Dashboard › Metrics Accuracy - Mathematical Verification › total nodes count matches mockNodes.length exactly" classname="e2e/dashboard.spec.ts" time="0">
<skipped>
</skipped>
</testcase>
<testcase name="Dashboard › Metrics Accuracy - Mathematical Verification › online node count matches filtered mock data exactly" classname="e2e/dashboard.spec.ts" time="0">
<skipped>
</skipped>
</testcase>
<testcase name="Dashboard › Metrics Accuracy - Mathematical Verification › offline + degraded node count matches filtered mock data exactly" classname="e2e/dashboard.spec.ts" time="0">
<skipped>
</skipped>
</testcase>
<testcase name="Dashboard › Metrics Accuracy - Mathematical Verification › average CPU usage matches sum/count of online nodes" classname="e2e/dashboard.spec.ts" time="0">
<skipped>
</skipped>
</testcase>
<testcase name="Dashboard › Metrics Accuracy - Mathematical Verification › cluster count matches mockClusters.length exactly" classname="e2e/dashboard.spec.ts" time="0">
<skipped>
</skipped>
</testcase>
<testcase name="Dashboard › Metrics Accuracy - Mathematical Verification › node status distribution sums to total count" classname="e2e/dashboard.spec.ts" time="0">
<skipped>
</skipped>
</testcase>
<testcase name="Dashboard › Metrics Accuracy - Mathematical Verification › temperature values from online nodes are in normal range" classname="e2e/dashboard.spec.ts" time="0">
<skipped>
</skipped>
</testcase>
<testcase name="Dashboard › Metrics Accuracy - Mathematical Verification › all node hostnames from mock data appear on dashboard" classname="e2e/dashboard.spec.ts" time="0">
<skipped>
</skipped>
</testcase>
<testcase name="Dashboard › Metrics Accuracy - Mathematical Verification › memory usage values are mathematically consistent with mock data" classname="e2e/dashboard.spec.ts" time="0">
<skipped>
</skipped>
</testcase>
<testcase name="Dashboard › Metrics Accuracy - Mathematical Verification › cluster type distribution from mock data is correct" classname="e2e/dashboard.spec.ts" time="0">
<skipped>
</skipped>
</testcase>
<testcase name="Dashboard › Quick Action Buttons › Quick Actions section is visible" classname="e2e/dashboard.spec.ts" time="0">
<skipped>
</skipped>
</testcase>
<testcase name="Dashboard › Quick Action Buttons › View All Clusters button navigates to clusters page" classname="e2e/dashboard.spec.ts" time="0">
<skipped>
</skipped>
</testcase>
<testcase name="Dashboard › Quick Action Buttons › Hardware Control button navigates to hardware page" classname="e2e/dashboard.spec.ts" time="0">
<skipped>
</skipped>
</testcase>
<testcase name="Dashboard › Quick Action Buttons › all quick action buttons are enabled and clickable" classname="e2e/dashboard.spec.ts" time="0">
<skipped>
</skipped>
</testcase>
<testcase name="Dashboard › Quick Action Buttons › quick action buttons have descriptive text" classname="e2e/dashboard.spec.ts" time="0">
<skipped>
</skipped>
</testcase>
<testcase name="Dashboard › Quick Action Buttons › Refresh button reloads dashboard data" classname="e2e/dashboard.spec.ts" time="0">
<skipped>
</skipped>
</testcase>
<testcase name="Dashboard › Real-Time Metric Updates › dashboard shows live data from API mocks" classname="e2e/dashboard.spec.ts" time="0">
<skipped>
</skipped>
</testcase>
<testcase name="Dashboard › Real-Time Metric Updates › metrics update when refresh is clicked" classname="e2e/dashboard.spec.ts" time="0">
<skipped>
</skipped>
</testcase>
<testcase name="Dashboard › Real-Time Metric Updates › system health status reflects mock data" classname="e2e/dashboard.spec.ts" time="0">
<skipped>
</skipped>
</testcase>
<testcase name="Dashboard › Real-Time Metric Updates › node metrics on dashboard are computed from API data" classname="e2e/dashboard.spec.ts" time="0">
<skipped>
</skipped>
</testcase>
<testcase name="Dashboard › Real-Time Metric Updates › dashboard handles degraded health status" classname="e2e/dashboard.spec.ts" time="0">
<skipped>
</skipped>
</testcase>
</testsuite>
<testsuite name="e2e/documentation.spec.ts" timestamp="2026-02-02T07:36:53.103Z" hostname="chromium" tests="12" failures="0" skipped="12" time="0" errors="0">
<testcase name="Documentation and Help Pages › help page › renders help page heading" classname="e2e/documentation.spec.ts" time="0">
<skipped>
</skipped>
</testcase>
<testcase name="Documentation and Help Pages › help page › displays help categories or sections" classname="e2e/documentation.spec.ts" time="0">
<skipped>
</skipped>
</testcase>
<testcase name="Documentation and Help Pages › help page › displays search functionality for help content" classname="e2e/documentation.spec.ts" time="0">
<skipped>
</skipped>
</testcase>
<testcase name="Documentation and Help Pages › documentation page › renders documentation page heading" classname="e2e/documentation.spec.ts" time="0">
<skipped>
</skipped>
</testcase>
<testcase name="Documentation and Help Pages › documentation page › page has correct document title" classname="e2e/documentation.spec.ts" time="0">
<skipped>
</skipped>
</testcase>
<testcase name="Documentation and Help Pages › documentation page › displays main content area" classname="e2e/documentation.spec.ts" time="0">
<skipped>
</skipped>
</testcase>
<testcase name="Documentation and Help Pages › documentation page › displays API documentation section" classname="e2e/documentation.spec.ts" time="0">
<skipped>
</skipped>
</testcase>
<testcase name="Documentation and Help Pages › documentation page › displays configuration documentation section" classname="e2e/documentation.spec.ts" time="0">
<skipped>
</skipped>
</testcase>
<testcase name="Documentation and Help Pages › documentation page › documentation page renders within acceptable time" classname="e2e/documentation.spec.ts" time="0">
<skipped>
</skipped>
</testcase>
<testcase name="Documentation and Help Pages › documentation page › documentation page has navigation or table of contents" classname="e2e/documentation.spec.ts" time="0">
<skipped>
</skipped>
</testcase>
<testcase name="Documentation and Help Pages › footer links › help link in footer navigates to help page" classname="e2e/documentation.spec.ts" time="0">
<skipped>
</skipped>
</testcase>
<testcase name="Documentation and Help Pages › footer links › documentation link in footer navigates to docs page" classname="e2e/documentation.spec.ts" time="0">
<skipped>
</skipped>
</testcase>
</testsuite>
<testsuite name="e2e/edge-cases.spec.ts" timestamp="2026-02-02T07:36:53.103Z" hostname="chromium" tests="10" failures="0" skipped="10" time="0" errors="0">
<testcase name="Edge Cases › Loading States › displays loading indicators while data is fetching" classname="e2e/edge-cases.spec.ts" time="0">
<skipped>
</skipped>
</testcase>
<testcase name="Edge Cases › Loading States › loading state resolves after data loads" classname="e2e/edge-cases.spec.ts" time="0">
<skipped>
</skipped>
</testcase>
<testcase name="Edge Cases › Form Validation › settings form prevents submission with empty required fields" classname="e2e/edge-cases.spec.ts" time="0">
<skipped>
</skipped>
</testcase>
<testcase name="Edge Cases › Form Validation › search input handles special characters gracefully" classname="e2e/edge-cases.spec.ts" time="0">
<skipped>
</skipped>
</testcase>
<testcase name="Edge Cases › Form Validation › search input handles very long input" classname="e2e/edge-cases.spec.ts" time="0">
<skipped>
</skipped>
</testcase>
<testcase name="Edge Cases › Empty States › nodes page shows empty state with no data" classname="e2e/edge-cases.spec.ts" time="0">
<skipped>
</skipped>
</testcase>
<testcase name="Edge Cases › Empty States › clusters page shows empty state with no data" classname="e2e/edge-cases.spec.ts" time="0">
<skipped>
</skipped>
</testcase>
<testcase name="Edge Cases › Empty States › search with no matching results shows appropriate message" classname="e2e/edge-cases.spec.ts" time="0">
<skipped>
</skipped>
</testcase>
<testcase name="Edge Cases › Browser Navigation › handles browser back button correctly" classname="e2e/edge-cases.spec.ts" time="0">
<skipped>
</skipped>
</testcase>
<testcase name="Edge Cases › Browser Navigation › handles page refresh without losing navigation state" classname="e2e/edge-cases.spec.ts" time="0">
<skipped>
</skipped>
</testcase>
</testsuite>
<testsuite name="e2e/error-handling.spec.ts" timestamp="2026-02-02T07:36:53.103Z" hostname="chromium" tests="9" failures="0" skipped="9" time="0" errors="0">
<testcase name="Error Handling › 404 Not Found › displays 404 page for unknown routes" classname="e2e/error-handling.spec.ts" time="0">
<skipped>
</skipped>
</testcase>
<testcase name="Error Handling › 404 Not Found › provides navigation back to dashboard from 404 page" classname="e2e/error-handling.spec.ts" time="0">
<skipped>
</skipped>
</testcase>
<testcase name="Error Handling › 500 Internal Server Error › displays error state when API returns 500" classname="e2e/error-handling.spec.ts" time="0">
<skipped>
</skipped>
</testcase>
<testcase name="Error Handling › 500 Internal Server Error › shows retry button on server error" classname="e2e/error-handling.spec.ts" time="0">
<skipped>
</skipped>
</testcase>
<testcase name="Error Handling › 503 Service Unavailable › displays error state when API returns 503" classname="e2e/error-handling.spec.ts" time="0">
<skipped>
</skipped>
</testcase>
<testcase name="Error Handling › Network Timeouts › handles network timeout gracefully" classname="e2e/error-handling.spec.ts" time="0">
<skipped>
</skipped>
</testcase>
<testcase name="Error Handling › Network Timeouts › handles connection refused gracefully" classname="e2e/error-handling.spec.ts" time="0">
<skipped>
</skipped>
</testcase>
<testcase name="Error Handling › Authentication Errors › handles 401 unauthorized response" classname="e2e/error-handling.spec.ts" time="0">
<skipped>
</skipped>
</testcase>
<testcase name="Error Handling › Authentication Errors › handles 403 forbidden response" classname="e2e/error-handling.spec.ts" time="0">
<skipped>
</skipped>
</testcase>
</testsuite>
<testsuite name="e2e/hardware.spec.ts" timestamp="2026-02-02T07:36:53.103Z" hostname="chromium" tests="35" failures="0" skipped="35" time="0" errors="0">
<testcase name="Hardware › page layout › renders hardware page heading" classname="e2e/hardware.spec.ts" time="0">
<skipped>
</skipped>
</testcase>
<testcase name="Hardware › page layout › displays hardware page subtitle or description" classname="e2e/hardware.spec.ts" time="0">
<skipped>
</skipped>
</testcase>
<testcase name="Hardware › page layout › hardware page is accessible via navigation" classname="e2e/hardware.spec.ts" time="0">
<skipped>
</skipped>
</testcase>
<testcase name="Hardware › GPIO pin layout › displays GPIO pins section" classname="e2e/hardware.spec.ts" time="0">
<skipped>
</skipped>
</testcase>
<testcase name="Hardware › GPIO pin layout › displays pin names from mock data" classname="e2e/hardware.spec.ts" time="0">
<skipped>
</skipped>
</testcase>
<testcase name="Hardware › GPIO pin layout › displays pin direction indicators (input/output)" classname="e2e/hardware.spec.ts" time="0">
<skipped>
</skipped>
</testcase>
<testcase name="Hardware › GPIO pin layout › displays pin state indicators (on/off or high/low)" classname="e2e/hardware.spec.ts" time="0">
<skipped>
</skipped>
</testcase>
<testcase name="Hardware › GPIO pin layout › pin count matches mock data" classname="e2e/hardware.spec.ts" time="0">
<skipped>
</skipped>
</testcase>
<testcase name="Hardware › node selection › displays node selector or dropdown" classname="e2e/hardware.spec.ts" time="0">
<skipped>
</skipped>
</testcase>
<testcase name="Hardware › node selection › default node is selected and shows its GPIO data" classname="e2e/hardware.spec.ts" time="0">
<skipped>
</skipped>
</testcase>
<testcase name="Hardware › node selection › can switch between different nodes" classname="e2e/hardware.spec.ts" time="0">
<skipped>
</skipped>
</testcase>
<testcase name="Hardware › node selection › node list on hardware page matches available nodes" classname="e2e/hardware.spec.ts" time="0">
<skipped>
</skipped>
</testcase>
<testcase name="Hardware › error and loading states › shows loading state while GPIO data fetches" classname="e2e/hardware.spec.ts" time="0">
<skipped>
</skipped>
</testcase>
<testcase name="Hardware › error and loading states › handles GPIO API failure gracefully" classname="e2e/hardware.spec.ts" time="0">
<skipped>
</skipped>
</testcase>
<testcase name="Hardware › GPIO pin list display › all GPIO pins from mock data are rendered" classname="e2e/hardware.spec.ts" time="0">
<skipped>
</skipped>
</testcase>
<testcase name="Hardware › GPIO pin list display › GPIO pin numbers are displayed" classname="e2e/hardware.spec.ts" time="0">
<skipped>
</skipped>
</testcase>
<testcase name="Hardware › GPIO pin list display › GPIO pin names are displayed" classname="e2e/hardware.spec.ts" time="0">
<skipped>
</skipped>
</testcase>
<testcase name="Hardware › GPIO pin list display › GPIO pin directions are displayed" classname="e2e/hardware.spec.ts" time="0">
<skipped>
</skipped>
</testcase>
<testcase name="Hardware › GPIO pin list display › GPIO pin values/states are displayed" classname="e2e/hardware.spec.ts" time="0">
<skipped>
</skipped>
</testcase>
<testcase name="Hardware › GPIO pin list display › pin count matches mockGpioPins.length" classname="e2e/hardware.spec.ts" time="0">
<skipped>
</skipped>
</testcase>
<testcase name="Hardware › GPIO pin list display › pin descriptions are accessible" classname="e2e/hardware.spec.ts" time="0">
<skipped>
</skipped>
</testcase>
<testcase name="Hardware › GPIO pin toggle functionality › output pins have toggle controls" classname="e2e/hardware.spec.ts" time="0">
<skipped>
</skipped>
</testcase>
<testcase name="Hardware › GPIO pin toggle functionality › toggling an output pin sends API request" classname="e2e/hardware.spec.ts" time="0">
<skipped>
</skipped>
</testcase>
<testcase name="Hardware › GPIO pin toggle functionality › toggle state visually changes after click" classname="e2e/hardware.spec.ts" time="0">
<skipped>
</skipped>
</testcase>
<testcase name="Hardware › read-only pin protection › input pins are not toggleable" classname="e2e/hardware.spec.ts" time="0">
<skipped>
</skipped>
</testcase>
<testcase name="Hardware › read-only pin protection › output pins are toggleable while input pins are protected" classname="e2e/hardware.spec.ts" time="0">
<skipped>
</skipped>
</testcase>
<testcase name="Hardware › read-only pin protection › read-only pins show visual indicator of read-only state" classname="e2e/hardware.spec.ts" time="0">
<skipped>
</skipped>
</testcase>
<testcase name="Hardware › GPIO operation error handling › shows error when GPIO toggle API fails" classname="e2e/hardware.spec.ts" time="0">
<skipped>
</skipped>
</testcase>
<testcase name="Hardware › GPIO operation error handling › handles timeout on GPIO operations gracefully" classname="e2e/hardware.spec.ts" time="0">
<skipped>
</skipped>
</testcase>
<testcase name="Hardware › GPIO operation error handling › handles GPIO data loading failure with retry" classname="e2e/hardware.spec.ts" time="0">
<skipped>
</skipped>
</testcase>
<testcase name="Hardware › system information tab accuracy › hardware page has system info section or tab" classname="e2e/hardware.spec.ts" time="0">
<skipped>
</skipped>
</testcase>
<testcase name="Hardware › system information tab accuracy › displays selected node hostname" classname="e2e/hardware.spec.ts" time="0">
<skipped>
</skipped>
</testcase>
<testcase name="Hardware › system information tab accuracy › displays node IP address" classname="e2e/hardware.spec.ts" time="0">
<skipped>
</skipped>
</testcase>
<testcase name="Hardware › system information tab accuracy › node status is shown on hardware page" classname="e2e/hardware.spec.ts" time="0">
<skipped>
</skipped>
</testcase>
<testcase name="Hardware › system information tab accuracy › GPIO pin count is consistent with mock data" classname="e2e/hardware.spec.ts" time="0">
<skipped>
</skipped>
</testcase>
</testsuite>
<testsuite name="e2e/navigation.spec.ts" timestamp="2026-02-02T07:36:53.103Z" hostname="chromium" tests="14" failures="0" skipped="14" time="0" errors="0">
<testcase name="Navigation › sidebar displays all navigation links" classname="e2e/navigation.spec.ts" time="0">
<skipped>
</skipped>
</testcase>
<testcase name="Navigation › navigates to Clusters page from sidebar" classname="e2e/navigation.spec.ts" time="0">
<skipped>
</skipped>
</testcase>
<testcase name="Navigation › navigates to Nodes page from sidebar" classname="e2e/navigation.spec.ts" time="0">
<skipped>
</skipped>
</testcase>
<testcase name="Navigation › navigates to Settings page from sidebar" classname="e2e/navigation.spec.ts" time="0">
<skipped>
</skipped>
</testcase>
<testcase name="Navigation › navigates to Dashboard from sidebar" classname="e2e/navigation.spec.ts" time="0">
<skipped>
</skipped>
</testcase>
<testcase name="Navigation › displays app branding in header" classname="e2e/navigation.spec.ts" time="0">
<skipped>
</skipped>
</testcase>
<testcase name="Navigation › displays footer links" classname="e2e/navigation.spec.ts" time="0">
<skipped>
</skipped>
</testcase>
<testcase name="Navigation › Sidebar Navigation State and Interaction › sidebar highlights the current active page" classname="e2e/navigation.spec.ts" time="0">
<skipped>
</skipped>
</testcase>
<testcase name="Navigation › Sidebar Navigation State and Interaction › sidebar active state changes when navigating" classname="e2e/navigation.spec.ts" time="0">
<skipped>
</skipped>
</testcase>
<testcase name="Navigation › Sidebar Navigation State and Interaction › sidebar navigation maintains link order" classname="e2e/navigation.spec.ts" time="0">
<skipped>
</skipped>
</testcase>
<testcase name="Navigation › Sidebar Navigation State and Interaction › clicking same page link does not cause errors" classname="e2e/navigation.spec.ts" time="0">
<skipped>
</skipped>
</testcase>
<testcase name="Navigation › Sidebar Navigation State and Interaction › sidebar links are accessible via keyboard" classname="e2e/navigation.spec.ts" time="0">
<skipped>
</skipped>
</testcase>
<testcase name="Navigation › Sidebar Navigation State and Interaction › sidebar links have correct href attributes" classname="e2e/navigation.spec.ts" time="0">
<skipped>
</skipped>
</testcase>
<testcase name="Navigation › Sidebar Navigation State and Interaction › rapid navigation between pages works correctly" classname="e2e/navigation.spec.ts" time="0">
<skipped>
</skipped>
</testcase>
</testsuite>
<testsuite name="e2e/nodes.spec.ts" timestamp="2026-02-02T07:36:53.103Z" hostname="chromium" tests="54" failures="0" skipped="54" time="0" errors="0">
<testcase name="Nodes › with mocked data › renders page heading and subtitle" classname="e2e/nodes.spec.ts" time="0">
<skipped>
</skipped>
</testcase>
<testcase name="Nodes › with mocked data › displays stats overview cards" classname="e2e/nodes.spec.ts" time="0">
<skipped>
</skipped>
</testcase>
<testcase name="Nodes › with mocked data › displays node list with mocked data" classname="e2e/nodes.spec.ts" time="0">
<skipped>
</skipped>
</testcase>
<testcase name="Nodes › with mocked data › displays node IP addresses" classname="e2e/nodes.spec.ts" time="0">
<skipped>
</skipped>
</testcase>
<testcase name="Nodes › with mocked data › displays search input and filter controls" classname="e2e/nodes.spec.ts" time="0">
<skipped>
</skipped>
</testcase>
<testcase name="Nodes › with mocked data › displays role badges for nodes" classname="e2e/nodes.spec.ts" time="0">
<skipped>
</skipped>
</testcase>
<testcase name="Nodes › node data verification and statistics › all node hostnames from mock data are displayed" classname="e2e/nodes.spec.ts" time="0">
<skipped>
</skipped>
</testcase>
<testcase name="Nodes › node data verification and statistics › statistics card shows correct total node count" classname="e2e/nodes.spec.ts" time="0">
<skipped>
</skipped>
</testcase>
<testcase name="Nodes › node data verification and statistics › statistics card shows correct online node count" classname="e2e/nodes.spec.ts" time="0">
<skipped>
</skipped>
</testcase>
<testcase name="Nodes › node data verification and statistics › statistics card shows correct offline node count" classname="e2e/nodes.spec.ts" time="0">
<skipped>
</skipped>
</testcase>
<testcase name="Nodes › node data verification and statistics › node list displays all IP addresses from mock data" classname="e2e/nodes.spec.ts" time="0">
<skipped>
</skipped>
</testcase>
<testcase name="Nodes › node data verification and statistics › node list shows status for each node" classname="e2e/nodes.spec.ts" time="0">
<skipped>
</skipped>
</testcase>
<testcase name="Nodes › node data verification and statistics › node role badges match mock data" classname="e2e/nodes.spec.ts" time="0">
<skipped>
</skipped>
</testcase>
<testcase name="Nodes › node data verification and statistics › node cluster assignment information is present" classname="e2e/nodes.spec.ts" time="0">
<skipped>
</skipped>
</testcase>
<testcase name="Nodes › node data verification and statistics › search filters nodes correctly" classname="e2e/nodes.spec.ts" time="0">
<skipped>
</skipped>
</testcase>
<testcase name="Nodes › error and empty states › shows error state when API fails" classname="e2e/nodes.spec.ts" time="0">
<skipped>
</skipped>
</testcase>
<testcase name="Nodes › error and empty states › shows empty state when no nodes exist" classname="e2e/nodes.spec.ts" time="0">
<skipped>
</skipped>
</testcase>
<testcase name="Nodes › node adoption and discovery › Add Node button is present and clickable" classname="e2e/nodes.spec.ts" time="0">
<skipped>
</skipped>
</testcase>
<testcase name="Nodes › node adoption and discovery › clicking Add Node opens discovery or adoption panel" classname="e2e/nodes.spec.ts" time="0">
<skipped>
</skipped>
</testcase>
<testcase name="Nodes › node adoption and discovery › discovery panel shows node connection options" classname="e2e/nodes.spec.ts" time="0">
<skipped>
</skipped>
</testcase>
<testcase name="Nodes › node adoption and discovery › discovery panel can be closed" classname="e2e/nodes.spec.ts" time="0">
<skipped>
</skipped>
</testcase>
<testcase name="Nodes › node adoption and discovery › node adoption workflow validates required fields" classname="e2e/nodes.spec.ts" time="0">
<skipped>
</skipped>
</testcase>
<testcase name="Nodes › node adoption and discovery › existing node count is displayed in stats before adding" classname="e2e/nodes.spec.ts" time="0">
<skipped>
</skipped>
</testcase>
<testcase name="Nodes › discovered node adoption workflow › selecting a discovered node shows its details" classname="e2e/nodes.spec.ts" time="0">
<skipped>
</skipped>
</testcase>
<testcase name="Nodes › discovered node adoption workflow › adoption config form has required fields" classname="e2e/nodes.spec.ts" time="0">
<skipped>
</skipped>
</testcase>
<testcase name="Nodes › discovered node adoption workflow › confirming adoption sends POST request" classname="e2e/nodes.spec.ts" time="0">
<skipped>
</skipped>
</testcase>
<testcase name="Nodes › discovered node adoption workflow › adopted node appears in the node list after adoption" classname="e2e/nodes.spec.ts" time="0">
<skipped>
</skipped>
</testcase>
<testcase name="Nodes › discovered node adoption workflow › discovery panel handles empty discovered nodes" classname="e2e/nodes.spec.ts" time="0">
<skipped>
</skipped>
</testcase>
<testcase name="Nodes › node search functionality › search input is visible and accessible" classname="e2e/nodes.spec.ts" time="0">
<skipped>
</skipped>
</testcase>
<testcase name="Nodes › node search functionality › searching by hostname filters nodes correctly" classname="e2e/nodes.spec.ts" time="0">
<skipped>
</skipped>
</testcase>
<testcase name="Nodes › node search functionality › searching by IP address filters nodes" classname="e2e/nodes.spec.ts" time="0">
<skipped>
</skipped>
</testcase>
<testcase name="Nodes › node search functionality › clearing search shows all nodes again" classname="e2e/nodes.spec.ts" time="0">
<skipped>
</skipped>
</testcase>
<testcase name="Nodes › node search functionality › search with no matches shows empty or no results state" classname="e2e/nodes.spec.ts" time="0">
<skipped>
</skipped>
</testcase>
<testcase name="Nodes › node search functionality › search is case-insensitive" classname="e2e/nodes.spec.ts" time="0">
<skipped>
</skipped>
</testcase>
<testcase name="Nodes › node filtering by status and role › filter controls are visible" classname="e2e/nodes.spec.ts" time="0">
<skipped>
</skipped>
</testcase>
<testcase name="Nodes › node filtering by status and role › nodes display correct status badges" classname="e2e/nodes.spec.ts" time="0">
<skipped>
</skipped>
</testcase>
<testcase name="Nodes › node filtering by status and role › nodes display correct role badges" classname="e2e/nodes.spec.ts" time="0">
<skipped>
</skipped>
</testcase>
<testcase name="Nodes › node filtering by status and role › status counts match mock data" classname="e2e/nodes.spec.ts" time="0">
<skipped>
</skipped>
</testcase>
<testcase name="Nodes › node filtering by status and role › role distribution matches mock data" classname="e2e/nodes.spec.ts" time="0">
<skipped>
</skipped>
</testcase>
<testcase name="Nodes › node card metrics display › node cards display CPU usage" classname="e2e/nodes.spec.ts" time="0">
<skipped>
</skipped>
</testcase>
<testcase name="Nodes › node card metrics display › node cards display memory usage" classname="e2e/nodes.spec.ts" time="0">
<skipped>
</skipped>
</testcase>
<testcase name="Nodes › node card metrics display › node cards display temperature" classname="e2e/nodes.spec.ts" time="0">
<skipped>
</skipped>
</testcase>
<testcase name="Nodes › node card metrics display › node cards display disk usage" classname="e2e/nodes.spec.ts" time="0">
<skipped>
</skipped>
</testcase>
<testcase name="Nodes › node card metrics display › online nodes show non-zero metrics" classname="e2e/nodes.spec.ts" time="0">
<skipped>
</skipped>
</testcase>
<testcase name="Nodes › node card metrics display › offline node shows zero metrics" classname="e2e/nodes.spec.ts" time="0">
<skipped>
</skipped>
</testcase>
<testcase name="Nodes › manual node entry and adoption › Add Node panel has manual IP entry field" classname="e2e/nodes.spec.ts" time="0">
<skipped>
</skipped>
</testcase>
<testcase name="Nodes › manual node entry and adoption › manual entry validates IP address format" classname="e2e/nodes.spec.ts" time="0">
<skipped>
</skipped>
</testcase>
<testcase name="Nodes › manual node entry and adoption › manual entry accepts valid IP address" classname="e2e/nodes.spec.ts" time="0">
<skipped>
</skipped>
</testcase>
<testcase name="Nodes › manual node entry and adoption › manual entry with empty fields shows validation" classname="e2e/nodes.spec.ts" time="0">
<skipped>
</skipped>
</testcase>
<testcase name="Nodes › node action buttons › Add Node button is present in the header area" classname="e2e/nodes.spec.ts" time="0">
<skipped>
</skipped>
</testcase>
<testcase name="Nodes › node action buttons › Refresh button is present and functional" classname="e2e/nodes.spec.ts" time="0">
<skipped>
</skipped>
</testcase>
<testcase name="Nodes › node action buttons › node cards have action buttons or menus" classname="e2e/nodes.spec.ts" time="0">
<skipped>
</skipped>
</testcase>
<testcase name="Nodes › node action buttons › clicking a node navigates to node details" classname="e2e/nodes.spec.ts" time="0">
<skipped>
</skipped>
</testcase>
<testcase name="Nodes › node action buttons › Retry button appears on error and is functional" classname="e2e/nodes.spec.ts" time="0">
<skipped>
</skipped>
</testcase>
</testsuite>
<testsuite name="e2e/performance.spec.ts" timestamp="2026-02-02T07:36:53.103Z" hostname="chromium" tests="9" failures="0" skipped="9" time="0" errors="0">
<testcase name="Performance › Page Load Times › dashboard loads within acceptable time" classname="e2e/performance.spec.ts" time="0">
<skipped>
</skipped>
</testcase>
<testcase name="Performance › Page Load Times › nodes page loads within acceptable time" classname="e2e/performance.spec.ts" time="0">
<skipped>
</skipped>
</testcase>
<testcase name="Performance › Page Load Times › clusters page loads within acceptable time" classname="e2e/performance.spec.ts" time="0">
<skipped>
</skipped>
</testcase>
<testcase name="Performance › Page Load Times › settings page loads within acceptable time" classname="e2e/performance.spec.ts" time="0">
<skipped>
</skipped>
</testcase>
<testcase name="Performance › Largest Contentful Paint (LCP) › dashboard LCP is within acceptable threshold" classname="e2e/performance.spec.ts" time="0">
<skipped>
</skipped>
</testcase>
<testcase name="Performance › Cumulative Layout Shift (CLS) › dashboard has minimal layout shift" classname="e2e/performance.spec.ts" time="0">
<skipped>
</skipped>
</testcase>
<testcase name="Performance › Interaction to Next Paint (INP) › settings tab switch responds within acceptable time" classname="e2e/performance.spec.ts" time="0">
<skipped>
</skipped>
</testcase>
<testcase name="Performance › Interaction to Next Paint (INP) › cluster search responds within acceptable time" classname="e2e/performance.spec.ts" time="0">
<skipped>
</skipped>
</testcase>
<testcase name="Performance › Resource Efficiency › page does not make excessive API calls on load" classname="e2e/performance.spec.ts" time="0">
<skipped>
</skipped>
</testcase>
</testsuite>
<testsuite name="e2e/settings.spec.ts" timestamp="2026-02-02T07:36:53.103Z" hostname="chromium" tests="26" failures="0" skipped="26" time="0" errors="0">
<testcase name="Settings › renders page heading and subtitle" classname="e2e/settings.spec.ts" time="0">
<skipped>
</skipped>
</testcase>
<testcase name="Settings › displays Form Editor and YAML Editor tabs" classname="e2e/settings.spec.ts" time="0">
<skipped>
</skipped>
</testcase>
<testcase name="Settings › displays General Settings section with fields" classname="e2e/settings.spec.ts" time="0">
<skipped>
</skipped>
</testcase>
<testcase name="Settings › displays Authentication section with fields" classname="e2e/settings.spec.ts" time="0">
<skipped>
</skipped>
</testcase>
<testcase name="Settings › displays GPIO Controls section" classname="e2e/settings.spec.ts" time="0">
<skipped>
</skipped>
</testcase>
<testcase name="Settings › displays Monitoring section" classname="e2e/settings.spec.ts" time="0">
<skipped>
</skipped>
</testcase>
<testcase name="Settings › displays Cluster Management section" classname="e2e/settings.spec.ts" time="0">
<skipped>
</skipped>
</testcase>
<testcase name="Settings › displays Export YAML and Import YAML buttons" classname="e2e/settings.spec.ts" time="0">
<skipped>
</skipped>
</testcase>
<testcase name="Settings › displays Save Configuration button" classname="e2e/settings.spec.ts" time="0">
<skipped>
</skipped>
</testcase>
<testcase name="Settings › has default values in form fields" classname="e2e/settings.spec.ts" time="0">
<skipped>
</skipped>
</testcase>
<testcase name="Settings › switches to YAML Editor tab" classname="e2e/settings.spec.ts" time="0">
<skipped>
</skipped>
</testcase>
<testcase name="Settings › Tab Navigation › Form Editor tab is active by default" classname="e2e/settings.spec.ts" time="0">
<skipped>
</skipped>
</testcase>
<testcase name="Settings › Tab Navigation › clicking YAML Editor tab switches content" classname="e2e/settings.spec.ts" time="0">
<skipped>
</skipped>
</testcase>
<testcase name="Settings › Tab Navigation › switching back to Form Editor tab restores form content" classname="e2e/settings.spec.ts" time="0">
<skipped>
</skipped>
</testcase>
<testcase name="Settings › Tab Navigation › YAML Editor tab shows aria-selected when active" classname="e2e/settings.spec.ts" time="0">
<skipped>
</skipped>
</testcase>
<testcase name="Settings › Tab Navigation › keyboard arrow keys switch between tabs" classname="e2e/settings.spec.ts" time="0">
<skipped>
</skipped>
</testcase>
<testcase name="Settings › Tab Navigation › all settings sections are scrollable in Form Editor" classname="e2e/settings.spec.ts" time="0">
<skipped>
</skipped>
</testcase>
<testcase name="Settings › General Settings Form Update and Persistence › can modify hostname field" classname="e2e/settings.spec.ts" time="0">
<skipped>
</skipped>
</testcase>
<testcase name="Settings › General Settings Form Update and Persistence › can modify timezone field" classname="e2e/settings.spec.ts" time="0">
<skipped>
</skipped>
</testcase>
<testcase name="Settings › General Settings Form Update and Persistence › can modify log level field" classname="e2e/settings.spec.ts" time="0">
<skipped>
</skipped>
</testcase>
<testcase name="Settings › General Settings Form Update and Persistence › can modify authentication settings" classname="e2e/settings.spec.ts" time="0">
<skipped>
</skipped>
</testcase>
<testcase name="Settings › General Settings Form Update and Persistence › Save Configuration button is clickable after changes" classname="e2e/settings.spec.ts" time="0">
<skipped>
</skipped>
</testcase>
<testcase name="Settings › General Settings Form Update and Persistence › form values persist after saving and reloading" classname="e2e/settings.spec.ts" time="0">
<skipped>
</skipped>
</testcase>
<testcase name="Settings › General Settings Form Update and Persistence › can toggle boolean settings" classname="e2e/settings.spec.ts" time="0">
<skipped>
</skipped>
</testcase>
<testcase name="Settings › General Settings Form Update and Persistence › monitoring settings can be updated" classname="e2e/settings.spec.ts" time="0">
<skipped>
</skipped>
</testcase>
<testcase name="Settings › General Settings Form Update and Persistence › cluster management settings can be updated" classname="e2e/settings.spec.ts" time="0">
<skipped>
</skipped>
</testcase>
</testsuite>
<testsuite name="e2e/accessibility.spec.ts" timestamp="2026-02-02T07:36:53.103Z" hostname="firefox" tests="23" failures="0" skipped="23" time="0" errors="0">
<testcase name="Accessibility › Axe-Core WCAG 2.0 AA Audit › dashboard page has no accessibility violations" classname="e2e/accessibility.spec.ts" time="0">
<skipped>
</skipped>
</testcase>
<testcase name="Accessibility › Axe-Core WCAG 2.0 AA Audit › login page has no accessibility violations" classname="e2e/accessibility.spec.ts" time="0">
<skipped>
</skipped>
</testcase>
<testcase name="Accessibility › Axe-Core WCAG 2.0 AA Audit › nodes page has no accessibility violations" classname="e2e/accessibility.spec.ts" time="0">
<skipped>
</skipped>
</testcase>
<testcase name="Accessibility › Axe-Core WCAG 2.0 AA Audit › clusters page has no accessibility violations" classname="e2e/accessibility.spec.ts" time="0">
<skipped>
</skipped>
</testcase>
<testcase name="Accessibility › Axe-Core WCAG 2.0 AA Audit › settings page has no accessibility violations" classname="e2e/accessibility.spec.ts" time="0">
<skipped>
</skipped>
</testcase>
<testcase name="Accessibility › Axe-Core WCAG 2.0 AA Audit › help page has no accessibility violations" classname="e2e/accessibility.spec.ts" time="0">
<skipped>
</skipped>
</testcase>
<testcase name="Accessibility › Axe-Core WCAG 2.0 AA Audit › documentation page has no accessibility violations" classname="e2e/accessibility.spec.ts" time="0">
<skipped>
</skipped>
</testcase>
<testcase name="Accessibility › Form Label Association › login form inputs have associated labels" classname="e2e/accessibility.spec.ts" time="0">
<skipped>
</skipped>
</testcase>
<testcase name="Accessibility › Form Label Association › settings form inputs have associated labels" classname="e2e/accessibility.spec.ts" time="0">
<skipped>
</skipped>
</testcase>
<testcase name="Accessibility › Form Label Association › authentication settings form inputs have associated labels" classname="e2e/accessibility.spec.ts" time="0">
<skipped>
</skipped>
</testcase>
<testcase name="Accessibility › Form Label Association › monitoring settings form inputs have associated labels" classname="e2e/accessibility.spec.ts" time="0">
<skipped>
</skipped>
</testcase>
<testcase name="Accessibility › Form Label Association › all visible form inputs have accessible names via axe label rule" classname="e2e/accessibility.spec.ts" time="0">
<skipped>
</skipped>
</testcase>
<testcase name="Accessibility › Keyboard Navigation › sidebar links are reachable via Tab key" classname="e2e/accessibility.spec.ts" time="0">
<skipped>
</skipped>
</testcase>
<testcase name="Accessibility › Keyboard Navigation › interactive elements have visible focus indicators" classname="e2e/accessibility.spec.ts" time="0">
<skipped>
</skipped>
</testcase>
<testcase name="Accessibility › Keyboard Navigation › Tab key moves focus forward through interactive elements" classname="e2e/accessibility.spec.ts" time="0">
<skipped>
</skipped>
</testcase>
<testcase name="Accessibility › Keyboard Navigation › Shift+Tab moves focus backwards" classname="e2e/accessibility.spec.ts" time="0">
<skipped>
</skipped>
</testcase>
<testcase name="Accessibility › Keyboard Navigation › Enter key activates focused links" classname="e2e/accessibility.spec.ts" time="0">
<skipped>
</skipped>
</testcase>
<testcase name="Accessibility › Keyboard Navigation › tab order follows logical document flow" classname="e2e/accessibility.spec.ts" time="0">
<skipped>
</skipped>
</testcase>
<testcase name="Accessibility › ARIA Landmarks › page has a main landmark" classname="e2e/accessibility.spec.ts" time="0">
<skipped>
</skipped>
</testcase>
<testcase name="Accessibility › ARIA Landmarks › page has a navigation landmark" classname="e2e/accessibility.spec.ts" time="0">
<skipped>
</skipped>
</testcase>
<testcase name="Accessibility › ARIA Landmarks › headings follow proper hierarchy" classname="e2e/accessibility.spec.ts" time="0">
<skipped>
</skipped>
</testcase>
<testcase name="Accessibility › ARIA Landmarks › images have alt text" classname="e2e/accessibility.spec.ts" time="0">
<skipped>
</skipped>
</testcase>
<testcase name="Accessibility › ARIA Landmarks › color contrast meets WCAG AA requirements" classname="e2e/accessibility.spec.ts" time="0">
<skipped>
</skipped>
</testcase>
</testsuite>
<testsuite name="e2e/auth.spec.ts" timestamp="2026-02-02T07:36:53.103Z" hostname="firefox" tests="77" failures="0" skipped="77" time="0" errors="0">
<testcase name="Auth - Login Flow › renders login page with form elements" classname="e2e/auth.spec.ts" time="0">
<skipped>
</skipped>
</testcase>
<testcase name="Auth - Login Flow › login with valid credentials redirects to dashboard" classname="e2e/auth.spec.ts" time="0">
<skipped>
</skipped>
</testcase>
<testcase name="Auth - Login Flow › login form shows validation errors for empty fields" classname="e2e/auth.spec.ts" time="0">
<skipped>
</skipped>
</testcase>
<testcase name="Auth - Login Flow › login form shows error for short username" classname="e2e/auth.spec.ts" time="0">
<skipped>
</skipped>
</testcase>
<testcase name="Auth - Login Flow › login form shows error for short password" classname="e2e/auth.spec.ts" time="0">
<skipped>
</skipped>
</testcase>
<testcase name="Auth - Login Flow › login form shows error on failed authentication" classname="e2e/auth.spec.ts" time="0">
<skipped>
</skipped>
</testcase>
<testcase name="Auth - Login Flow › password visibility toggle works" classname="e2e/auth.spec.ts" time="0">
<skipped>
</skipped>
</testcase>
<testcase name="Auth - Login Flow › navigate to register page from login" classname="e2e/auth.spec.ts" time="0">
<skipped>
</skipped>
</testcase>
<testcase name="Auth - Login Flow › remember me checkbox is functional" classname="e2e/auth.spec.ts" time="0">
<skipped>
</skipped>
</testcase>
<testcase name="Auth - Registration › renders registration page with form elements" classname="e2e/auth.spec.ts" time="0">
<skipped>
</skipped>
</testcase>
<testcase name="Auth - Registration › successful registration with valid data redirects to dashboard" classname="e2e/auth.spec.ts" time="0">
<skipped>
</skipped>
</testcase>
<testcase name="Auth - Registration › shows validation error for empty username" classname="e2e/auth.spec.ts" time="0">
<skipped>
</skipped>
</testcase>
<testcase name="Auth - Registration › shows validation error for password mismatch" classname="e2e/auth.spec.ts" time="0">
<skipped>
</skipped>
</testcase>
<testcase name="Auth - Registration › shows validation error for invalid email format" classname="e2e/auth.spec.ts" time="0">
<skipped>
</skipped>
</testcase>
<testcase name="Auth - Registration › shows password strength indicator" classname="e2e/auth.spec.ts" time="0">
<skipped>
</skipped>
</testcase>
<testcase name="Auth - Registration › shows password match confirmation" classname="e2e/auth.spec.ts" time="0">
<skipped>
</skipped>
</testcase>
<testcase name="Auth - Registration › terms agreement is required" classname="e2e/auth.spec.ts" time="0">
<skipped>
</skipped>
</testcase>
<testcase name="Auth - Registration › navigate to login page from register" classname="e2e/auth.spec.ts" time="0">
<skipped>
</skipped>
</testcase>
<testcase name="Auth - Registration › shows error on registration API failure" classname="e2e/auth.spec.ts" time="0">
<skipped>
</skipped>
</testcase>
<testcase name="Auth - Protected Routes › unauthenticated access to dashboard loads login or dashboard" classname="e2e/auth.spec.ts" time="0">
<skipped>
</skipped>
</testcase>
<testcase name="Auth - Protected Routes › unauthenticated access to nodes page" classname="e2e/auth.spec.ts" time="0">
<skipped>
</skipped>
</testcase>
<testcase name="Auth - Protected Routes › unauthenticated access to settings page" classname="e2e/auth.spec.ts" time="0">
<skipped>
</skipped>
</testcase>
<testcase name="Auth - Protected Routes › unauthenticated access to clusters page" classname="e2e/auth.spec.ts" time="0">
<skipped>
</skipped>
</testcase>
<testcase name="Auth - Protected Routes › authenticated user can access all protected routes" classname="e2e/auth.spec.ts" time="0">
<skipped>
</skipped>
</testcase>
<testcase name="Auth - Protected Routes › authenticated user is redirected from login page to dashboard" classname="e2e/auth.spec.ts" time="0">
<skipped>
</skipped>
</testcase>
<testcase name="Auth - Protected Routes › logout clears auth state" classname="e2e/auth.spec.ts" time="0">
<skipped>
</skipped>
</testcase>
<testcase name="Auth - Invalid Login and Form Validation › shows error for wrong password with valid username" classname="e2e/auth.spec.ts" time="0">
<skipped>
</skipped>
</testcase>
<testcase name="Auth - Invalid Login and Form Validation › shows error for non-existent user" classname="e2e/auth.spec.ts" time="0">
<skipped>
</skipped>
</testcase>
<testcase name="Auth - Invalid Login and Form Validation › SQL injection in username fails gracefully" classname="e2e/auth.spec.ts" time="0">
<skipped>
</skipped>
</testcase>
<testcase name="Auth - Invalid Login and Form Validation › XSS payload in username field is sanitized" classname="e2e/auth.spec.ts" time="0">
<skipped>
</skipped>
</testcase>
<testcase name="Auth - Invalid Login and Form Validation › XSS payload in password field is sanitized" classname="e2e/auth.spec.ts" time="0">
<skipped>
</skipped>
</testcase>
<testcase name="Auth - Invalid Login and Form Validation › account lockout after multiple failed attempts" classname="e2e/auth.spec.ts" time="0">
<skipped>
</skipped>
</testcase>
<testcase name="Auth - Security: SQL Injection › login rejects SQL injection payload: &apos; OR &apos;1&apos;=&apos;1..." classname="e2e/auth.spec.ts" time="0">
<skipped>
</skipped>
</testcase>
<testcase name="Auth - Security: SQL Injection › login rejects SQL injection payload: &apos;; DROP TABLE users; --..." classname="e2e/auth.spec.ts" time="0">
<skipped>
</skipped>
</testcase>
<testcase name="Auth - Security: SQL Injection › login rejects SQL injection payload: admin&apos;--..." classname="e2e/auth.spec.ts" time="0">
<skipped>
</skipped>
</testcase>
<testcase name="Auth - Security: SQL Injection › login rejects SQL injection payload: 1&apos; UNION SELECT * FROM users -..." classname="e2e/auth.spec.ts" time="0">
<skipped>
</skipped>
</testcase>
<testcase name="Auth - Security: SQL Injection › login rejects SQL injection payload: &apos; OR 1=1 --..." classname="e2e/auth.spec.ts" time="0">
<skipped>
</skipped>
</testcase>
<testcase name="Auth - Security: SQL Injection › login rejects SQL injection payload: &apos;; INSERT INTO users VALUES (&apos;..." classname="e2e/auth.spec.ts" time="0">
<skipped>
</skipped>
</testcase>
<testcase name="Auth - Security: SQL Injection › login rejects SQL injection payload: 1; EXEC xp_cmdshell(&apos;dir&apos;) --..." classname="e2e/auth.spec.ts" time="0">
<skipped>
</skipped>
</testcase>
<testcase name="Auth - Security: SQL Injection › registration rejects SQL injection in username: &apos; OR &apos;1&apos;=&apos;1..." classname="e2e/auth.spec.ts" time="0">
<skipped>
</skipped>
</testcase>
<testcase name="Auth - Security: SQL Injection › registration rejects SQL injection in username: &apos;; DROP TABLE users; --..." classname="e2e/auth.spec.ts" time="0">
<skipped>
</skipped>
</testcase>
<testcase name="Auth - Security: SQL Injection › registration rejects SQL injection in username: admin&apos;--..." classname="e2e/auth.spec.ts" time="0">
<skipped>
</skipped>
</testcase>
<testcase name="Auth - Security: SQL Injection › SQL injection in email field during registration is rejected" classname="e2e/auth.spec.ts" time="0">
<skipped>
</skipped>
</testcase>
<testcase name="Auth - Security: XSS Prevention › login sanitizes XSS payload: &lt;script&gt;alert(&quot;xss&quot;)&lt;/script&gt;..." classname="e2e/auth.spec.ts" time="0">
<skipped>
</skipped>
</testcase>
<testcase name="Auth - Security: XSS Prevention › login sanitizes XSS payload: &lt;img src=x onerror=alert(&quot;xss&quot;..." classname="e2e/auth.spec.ts" time="0">
<skipped>
</skipped>
</testcase>
<testcase name="Auth - Security: XSS Prevention › login sanitizes XSS payload: &quot;&gt;&lt;svg onload=alert(1)&gt;..." classname="e2e/auth.spec.ts" time="0">
<skipped>
</skipped>
</testcase>
<testcase name="Auth - Security: XSS Prevention › login sanitizes XSS payload: javascript:alert(&apos;xss&apos;)..." classname="e2e/auth.spec.ts" time="0">
<skipped>
</skipped>
</testcase>
<testcase name="Auth - Security: XSS Prevention › login sanitizes XSS payload: &lt;iframe src=&quot;javascript:alert(..." classname="e2e/auth.spec.ts" time="0">
<skipped>
</skipped>
</testcase>
<testcase name="Auth - Security: XSS Prevention › login sanitizes XSS payload: &lt;body onload=alert(&quot;xss&quot;)&gt;..." classname="e2e/auth.spec.ts" time="0">
<skipped>
</skipped>
</testcase>
<testcase name="Auth - Security: XSS Prevention › login sanitizes XSS payload: {{constructor.constructor(&quot;ret..." classname="e2e/auth.spec.ts" time="0">
<skipped>
</skipped>
</testcase>
<testcase name="Auth - Security: XSS Prevention › registration sanitizes XSS in username: &lt;script&gt;alert(&quot;xss&quot;)&lt;/script&gt;..." classname="e2e/auth.spec.ts" time="0">
<skipped>
</skipped>
</testcase>
<testcase name="Auth - Security: XSS Prevention › registration sanitizes XSS in username: &lt;img src=x onerror=alert(&quot;xss&quot;..." classname="e2e/auth.spec.ts" time="0">
<skipped>
</skipped>
</testcase>
<testcase name="Auth - Security: XSS Prevention › registration sanitizes XSS in username: &quot;&gt;&lt;svg onload=alert(1)&gt;..." classname="e2e/auth.spec.ts" time="0">
<skipped>
</skipped>
</testcase>
<testcase name="Auth - Security: XSS Prevention › XSS in registration email field does not execute" classname="e2e/auth.spec.ts" time="0">
<skipped>
</skipped>
</testcase>
<testcase name="Auth - Security: XSS Prevention › error messages do not render raw HTML from user input" classname="e2e/auth.spec.ts" time="0">
<skipped>
</skipped>
</testcase>
<testcase name="Auth - Remember Me and Session Persistence › remember me checkbox is present and toggleable" classname="e2e/auth.spec.ts" time="0">
<skipped>
</skipped>
</testcase>
<testcase name="Auth - Remember Me and Session Persistence › login with remember me stores persistent token" classname="e2e/auth.spec.ts" time="0">
<skipped>
</skipped>
</testcase>
<testcase name="Auth - Remember Me and Session Persistence › login without remember me still stores session token" classname="e2e/auth.spec.ts" time="0">
<skipped>
</skipped>
</testcase>
<testcase name="Auth - Remember Me and Session Persistence › session persists after page reload when logged in" classname="e2e/auth.spec.ts" time="0">
<skipped>
</skipped>
</testcase>
<testcase name="Auth - Remember Me and Session Persistence › user data is stored alongside token" classname="e2e/auth.spec.ts" time="0">
<skipped>
</skipped>
</testcase>
<testcase name="Auth - Advanced Registration Validation › username minimum length validation" classname="e2e/auth.spec.ts" time="0">
<skipped>
</skipped>
</testcase>
<testcase name="Auth - Advanced Registration Validation › username with special characters validation" classname="e2e/auth.spec.ts" time="0">
<skipped>
</skipped>
</testcase>
<testcase name="Auth - Advanced Registration Validation › password requires minimum complexity" classname="e2e/auth.spec.ts" time="0">
<skipped>
</skipped>
</testcase>
<testcase name="Auth - Advanced Registration Validation › password with only numbers is flagged as weak" classname="e2e/auth.spec.ts" time="0">
<skipped>
</skipped>
</testcase>
<testcase name="Auth - Advanced Registration Validation › password with mixed case, numbers, and symbols is strong" classname="e2e/auth.spec.ts" time="0">
<skipped>
</skipped>
</testcase>
<testcase name="Auth - Advanced Registration Validation › email domain validation rejects obviously invalid domains" classname="e2e/auth.spec.ts" time="0">
<skipped>
</skipped>
</testcase>
[...]
<skipped>
</skipped>
</testcase>
<testcase name="Hardware › read-only pin protection › input pins are not toggleable" classname="e2e/hardware.spec.ts" time="0">
<skipped>
</skipped>
</testcase>
<testcase name="Hardware › read-only pin protection › output pins are toggleable while input pins are protected" classname="e2e/hardware.spec.ts" time="0">
<skipped>
</skipped>
</testcase>
<testcase name="Hardware › read-only pin protection › read-only pins show visual indicator of read-only state" classname="e2e/hardware.spec.ts" time="0">
<skipped>
</skipped>
</testcase>
<testcase name="Hardware › GPIO operation error handling › shows error when GPIO toggle API fails" classname="e2e/hardware.spec.ts" time="0">
<skipped>
</skipped>
</testcase>
<testcase name="Hardware › GPIO operation error handling › handles timeout on GPIO operations gracefully" classname="e2e/hardware.spec.ts" time="0">
<skipped>
</skipped>
</testcase>
<testcase name="Hardware › GPIO operation error handling › handles GPIO data loading failure with retry" classname="e2e/hardware.spec.ts" time="0">
<skipped>
</skipped>
</testcase>
<testcase name="Hardware › system information tab accuracy › hardware page has system info section or tab" classname="e2e/hardware.spec.ts" time="0">
<skipped>
</skipped>
</testcase>
<testcase name="Hardware › system information tab accuracy › displays selected node hostname" classname="e2e/hardware.spec.ts" time="0">
<skipped>
</skipped>
</testcase>
<testcase name="Hardware › system information tab accuracy › displays node IP address" classname="e2e/hardware.spec.ts" time="0">
<skipped>
</skipped>
</testcase>
<testcase name="Hardware › system information tab accuracy › node status is shown on hardware page" classname="e2e/hardware.spec.ts" time="0">
<skipped>
</skipped>
</testcase>
<testcase name="Hardware › system information tab accuracy › GPIO pin count is consistent with mock data" classname="e2e/hardware.spec.ts" time="0">
<skipped>
</skipped>
</testcase>
</testsuite>
<testsuite name="e2e/navigation.spec.ts" timestamp="2026-02-02T07:36:53.103Z" hostname="mobile-safari" tests="14" failures="0" skipped="14" time="0" errors="0">
<testcase name="Navigation › sidebar displays all navigation links" classname="e2e/navigation.spec.ts" time="0">
<skipped>
</skipped>
</testcase>
<testcase name="Navigation › navigates to Clusters page from sidebar" classname="e2e/navigation.spec.ts" time="0">
<skipped>
</skipped>
</testcase>
<testcase name="Navigation › navigates to Nodes page from sidebar" classname="e2e/navigation.spec.ts" time="0">
<skipped>
</skipped>
</testcase>
<testcase name="Navigation › navigates to Settings page from sidebar" classname="e2e/navigation.spec.ts" time="0">
<skipped>
</skipped>
</testcase>
<testcase name="Navigation › navigates to Dashboard from sidebar" classname="e2e/navigation.spec.ts" time="0">
<skipped>
</skipped>
</testcase>
<testcase name="Navigation › displays app branding in header" classname="e2e/navigation.spec.ts" time="0">
<skipped>
</skipped>
</testcase>
<testcase name="Navigation › displays footer links" classname="e2e/navigation.spec.ts" time="0">
<skipped>
</skipped>
</testcase>
<testcase name="Navigation › Sidebar Navigation State and Interaction › sidebar highlights the current active page" classname="e2e/navigation.spec.ts" time="0">
<skipped>
</skipped>
</testcase>
<testcase name="Navigation › Sidebar Navigation State and Interaction › sidebar active state changes when navigating" classname="e2e/navigation.spec.ts" time="0">
<skipped>
</skipped>
</testcase>
<testcase name="Navigation › Sidebar Navigation State and Interaction › sidebar navigation maintains link order" classname="e2e/navigation.spec.ts" time="0">
<skipped>
</skipped>
</testcase>
<testcase name="Navigation › Sidebar Navigation State and Interaction › clicking same page link does not cause errors" classname="e2e/navigation.spec.ts" time="0">
<skipped>
</skipped>
</testcase>
<testcase name="Navigation › Sidebar Navigation State and Interaction › sidebar links are accessible via keyboard" classname="e2e/navigation.spec.ts" time="0">
<skipped>
</skipped>
</testcase>
<testcase name="Navigation › Sidebar Navigation State and Interaction › sidebar links have correct href attributes" classname="e2e/navigation.spec.ts" time="0">
<skipped>
</skipped>
</testcase>
<testcase name="Navigation › Sidebar Navigation State and Interaction › rapid navigation between pages works correctly" classname="e2e/navigation.spec.ts" time="0">
<skipped>
</skipped>
</testcase>
</testsuite>
<testsuite name="e2e/nodes.spec.ts" timestamp="2026-02-02T07:36:53.103Z" hostname="mobile-safari" tests="54" failures="0" skipped="54" time="0" errors="0">
<testcase name="Nodes › with mocked data › renders page heading and subtitle" classname="e2e/nodes.spec.ts" time="0">
<skipped>
</skipped>
</testcase>
<testcase name="Nodes › with mocked data › displays stats overview cards" classname="e2e/nodes.spec.ts" time="0">
<skipped>
</skipped>
</testcase>
<testcase name="Nodes › with mocked data › displays node list with mocked data" classname="e2e/nodes.spec.ts" time="0">
<skipped>
</skipped>
</testcase>
<testcase name="Nodes › with mocked data › displays node IP addresses" classname="e2e/nodes.spec.ts" time="0">
<skipped>
</skipped>
</testcase>
<testcase name="Nodes › with mocked data › displays search input and filter controls" classname="e2e/nodes.spec.ts" time="0">
<skipped>
</skipped>
</testcase>
<testcase name="Nodes › with mocked data › displays role badges for nodes" classname="e2e/nodes.spec.ts" time="0">
<skipped>
</skipped>
</testcase>
<testcase name="Nodes › node data verification and statistics › all node hostnames from mock data are displayed" classname="e2e/nodes.spec.ts" time="0">
<skipped>
</skipped>
</testcase>
<testcase name="Nodes › node data verification and statistics › statistics card shows correct total node count" classname="e2e/nodes.spec.ts" time="0">
<skipped>
</skipped>
</testcase>
<testcase name="Nodes › node data verification and statistics › statistics card shows correct online node count" classname="e2e/nodes.spec.ts" time="0">
<skipped>
</skipped>
</testcase>
<testcase name="Nodes › node data verification and statistics › statistics card shows correct offline node count" classname="e2e/nodes.spec.ts" time="0">
<skipped>
</skipped>
</testcase>
<testcase name="Nodes › node data verification and statistics › node list displays all IP addresses from mock data" classname="e2e/nodes.spec.ts" time="0">
<skipped>
</skipped>
</testcase>
<testcase name="Nodes › node data verification and statistics › node list shows status for each node" classname="e2e/nodes.spec.ts" time="0">
<skipped>
</skipped>
</testcase>
<testcase name="Nodes › node data verification and statistics › node role badges match mock data" classname="e2e/nodes.spec.ts" time="0">
<skipped>
</skipped>
</testcase>
<testcase name="Nodes › node data verification and statistics › node cluster assignment information is present" classname="e2e/nodes.spec.ts" time="0">
<skipped>
</skipped>
</testcase>
<testcase name="Nodes › node data verification and statistics › search filters nodes correctly" classname="e2e/nodes.spec.ts" time="0">
<skipped>
</skipped>
</testcase>
<testcase name="Nodes › error and empty states › shows error state when API fails" classname="e2e/nodes.spec.ts" time="0">
<skipped>
</skipped>
</testcase>
<testcase name="Nodes › error and empty states › shows empty state when no nodes exist" classname="e2e/nodes.spec.ts" time="0">
<skipped>
</skipped>
</testcase>
<testcase name="Nodes › node adoption and discovery › Add Node button is present and clickable" classname="e2e/nodes.spec.ts" time="0">
<skipped>
</skipped>
</testcase>
<testcase name="Nodes › node adoption and discovery › clicking Add Node opens discovery or adoption panel" classname="e2e/nodes.spec.ts" time="0">
<skipped>
</skipped>
</testcase>
<testcase name="Nodes › node adoption and discovery › discovery panel shows node connection options" classname="e2e/nodes.spec.ts" time="0">
<skipped>
</skipped>
</testcase>
<testcase name="Nodes › node adoption and discovery › discovery panel can be closed" classname="e2e/nodes.spec.ts" time="0">
<skipped>
</skipped>
</testcase>
<testcase name="Nodes › node adoption and discovery › node adoption workflow validates required fields" classname="e2e/nodes.spec.ts" time="0">
<skipped>
</skipped>
</testcase>
<testcase name="Nodes › node adoption and discovery › existing node count is displayed in stats before adding" classname="e2e/nodes.spec.ts" time="0">
<skipped>
</skipped>
</testcase>
<testcase name="Nodes › discovered node adoption workflow › selecting a discovered node shows its details" classname="e2e/nodes.spec.ts" time="0">
<skipped>
</skipped>
</testcase>
<testcase name="Nodes › discovered node adoption workflow › adoption config form has required fields" classname="e2e/nodes.spec.ts" time="0">
<skipped>
</skipped>
</testcase>
<testcase name="Nodes › discovered node adoption workflow › confirming adoption sends POST request" classname="e2e/nodes.spec.ts" time="0">
<skipped>
</skipped>
</testcase>
<testcase name="Nodes › discovered node adoption workflow › adopted node appears in the node list after adoption" classname="e2e/nodes.spec.ts" time="0">
<skipped>
</skipped>
</testcase>
<testcase name="Nodes › discovered node adoption workflow › discovery panel handles empty discovered nodes" classname="e2e/nodes.spec.ts" time="0">
<skipped>
</skipped>
</testcase>
<testcase name="Nodes › node search functionality › search input is visible and accessible" classname="e2e/nodes.spec.ts" time="0">
<skipped>
</skipped>
</testcase>
<testcase name="Nodes › node search functionality › searching by hostname filters nodes correctly" classname="e2e/nodes.spec.ts" time="0">
<skipped>
</skipped>
</testcase>
<testcase name="Nodes › node search functionality › searching by IP address filters nodes" classname="e2e/nodes.spec.ts" time="0">
<skipped>
</skipped>
</testcase>
<testcase name="Nodes › node search functionality › clearing search shows all nodes again" classname="e2e/nodes.spec.ts" time="0">
<skipped>
</skipped>
</testcase>
<testcase name="Nodes › node search functionality › search with no matches shows empty or no results state" classname="e2e/nodes.spec.ts" time="0">
<skipped>
</skipped>
</testcase>
<testcase name="Nodes › node search functionality › search is case-insensitive" classname="e2e/nodes.spec.ts" time="0">
<skipped>
</skipped>
</testcase>
<testcase name="Nodes › node filtering by status and role › filter controls are visible" classname="e2e/nodes.spec.ts" time="0">
<skipped>
</skipped>
</testcase>
<testcase name="Nodes › node filtering by status and role › nodes display correct status badges" classname="e2e/nodes.spec.ts" time="0">
<skipped>
</skipped>
</testcase>
<testcase name="Nodes › node filtering by status and role › nodes display correct role badges" classname="e2e/nodes.spec.ts" time="0">
<skipped>
</skipped>
</testcase>
<testcase name="Nodes › node filtering by status and role › status counts match mock data" classname="e2e/nodes.spec.ts" time="0">
<skipped>
</skipped>
</testcase>
<testcase name="Nodes › node filtering by status and role › role distribution matches mock data" classname="e2e/nodes.spec.ts" time="0">
<skipped>
</skipped>
</testcase>
<testcase name="Nodes › node card metrics display › node cards display CPU usage" classname="e2e/nodes.spec.ts" time="0">
<skipped>
</skipped>
</testcase>
<testcase name="Nodes › node card metrics display › node cards display memory usage" classname="e2e/nodes.spec.ts" time="0">
<skipped>
</skipped>
</testcase>
<testcase name="Nodes › node card metrics display › node cards display temperature" classname="e2e/nodes.spec.ts" time="0">
<skipped>
</skipped>
</testcase>
<testcase name="Nodes › node card metrics display › node cards display disk usage" classname="e2e/nodes.spec.ts" time="0">
<skipped>
</skipped>
</testcase>
<testcase name="Nodes › node card metrics display › online nodes show non-zero metrics" classname="e2e/nodes.spec.ts" time="0">
<skipped>
</skipped>
</testcase>
<testcase name="Nodes › node card metrics display › offline node shows zero metrics" classname="e2e/nodes.spec.ts" time="0">
<skipped>
</skipped>
</testcase>
<testcase name="Nodes › manual node entry and adoption › Add Node panel has manual IP entry field" classname="e2e/nodes.spec.ts" time="0">
<skipped>
</skipped>
</testcase>
<testcase name="Nodes › manual node entry and adoption › manual entry validates IP address format" classname="e2e/nodes.spec.ts" time="0">
<skipped>
</skipped>
</testcase>
<testcase name="Nodes › manual node entry and adoption › manual entry accepts valid IP address" classname="e2e/nodes.spec.ts" time="0">
<skipped>
</skipped>
</testcase>
<testcase name="Nodes › manual node entry and adoption › manual entry with empty fields shows validation" classname="e2e/nodes.spec.ts" time="0">
<skipped>
</skipped>
</testcase>
<testcase name="Nodes › node action buttons › Add Node button is present in the header area" classname="e2e/nodes.spec.ts" time="0">
<skipped>
</skipped>
</testcase>
<testcase name="Nodes › node action buttons › Refresh button is present and functional" classname="e2e/nodes.spec.ts" time="0">
<skipped>
</skipped>
</testcase>
<testcase name="Nodes › node action buttons › node cards have action buttons or menus" classname="e2e/nodes.spec.ts" time="0">
<skipped>
</skipped>
</testcase>
<testcase name="Nodes › node action buttons › clicking a node navigates to node details" classname="e2e/nodes.spec.ts" time="0">
<skipped>
</skipped>
</testcase>
<testcase name="Nodes › node action buttons › Retry button appears on error and is functional" classname="e2e/nodes.spec.ts" time="0">
<skipped>
</skipped>
</testcase>
</testsuite>
<testsuite name="e2e/performance.spec.ts" timestamp="2026-02-02T07:36:53.103Z" hostname="mobile-safari" tests="9" failures="0" skipped="9" time="0" errors="0">
<testcase name="Performance › Page Load Times › dashboard loads within acceptable time" classname="e2e/performance.spec.ts" time="0">
<skipped>
</skipped>
</testcase>
<testcase name="Performance › Page Load Times › nodes page loads within acceptable time" classname="e2e/performance.spec.ts" time="0">
<skipped>
</skipped>
</testcase>
<testcase name="Performance › Page Load Times › clusters page loads within acceptable time" classname="e2e/performance.spec.ts" time="0">
<skipped>
</skipped>
</testcase>
<testcase name="Performance › Page Load Times › settings page loads within acceptable time" classname="e2e/performance.spec.ts" time="0">
<skipped>
</skipped>
</testcase>
<testcase name="Performance › Largest Contentful Paint (LCP) › dashboard LCP is within acceptable threshold" classname="e2e/performance.spec.ts" time="0">
<skipped>
</skipped>
</testcase>
<testcase name="Performance › Cumulative Layout Shift (CLS) › dashboard has minimal layout shift" classname="e2e/performance.spec.ts" time="0">
<skipped>
</skipped>
</testcase>
<testcase name="Performance › Interaction to Next Paint (INP) › settings tab switch responds within acceptable time" classname="e2e/performance.spec.ts" time="0">
<skipped>
</skipped>
</testcase>
<testcase name="Performance › Interaction to Next Paint (INP) › cluster search responds within acceptable time" classname="e2e/performance.spec.ts" time="0">
<skipped>
</skipped>
</testcase>
<testcase name="Performance › Resource Efficiency › page does not make excessive API calls on load" classname="e2e/performance.spec.ts" time="0">
<skipped>
</skipped>
</testcase>
</testsuite>
<testsuite name="e2e/settings.spec.ts" timestamp="2026-02-02T07:36:53.103Z" hostname="mobile-safari" tests="26" failures="0" skipped="26" time="0" errors="0">
<testcase name="Settings › renders page heading and subtitle" classname="e2e/settings.spec.ts" time="0">
<skipped>
</skipped>
</testcase>
<testcase name="Settings › displays Form Editor and YAML Editor tabs" classname="e2e/settings.spec.ts" time="0">
<skipped>
</skipped>
</testcase>
<testcase name="Settings › displays General Settings section with fields" classname="e2e/settings.spec.ts" time="0">
<skipped>
</skipped>
</testcase>
<testcase name="Settings › displays Authentication section with fields" classname="e2e/settings.spec.ts" time="0">
<skipped>
</skipped>
</testcase>
<testcase name="Settings › displays GPIO Controls section" classname="e2e/settings.spec.ts" time="0">
<skipped>
</skipped>
</testcase>
<testcase name="Settings › displays Monitoring section" classname="e2e/settings.spec.ts" time="0">
<skipped>
</skipped>
</testcase>
<testcase name="Settings › displays Cluster Management section" classname="e2e/settings.spec.ts" time="0">
<skipped>
</skipped>
</testcase>
<testcase name="Settings › displays Export YAML and Import YAML buttons" classname="e2e/settings.spec.ts" time="0">
<skipped>
</skipped>
</testcase>
<testcase name="Settings › displays Save Configuration button" classname="e2e/settings.spec.ts" time="0">
<skipped>
</skipped>
</testcase>
<testcase name="Settings › has default values in form fields" classname="e2e/settings.spec.ts" time="0">
<skipped>
</skipped>
</testcase>
<testcase name="Settings › switches to YAML Editor tab" classname="e2e/settings.spec.ts" time="0">
<skipped>
</skipped>
</testcase>
<testcase name="Settings › Tab Navigation › Form Editor tab is active by default" classname="e2e/settings.spec.ts" time="0">
<skipped>
</skipped>
</testcase>
<testcase name="Settings › Tab Navigation › clicking YAML Editor tab switches content" classname="e2e/settings.spec.ts" time="0">
<skipped>
</skipped>
</testcase>
<testcase name="Settings › Tab Navigation › switching back to Form Editor tab restores form content" classname="e2e/settings.spec.ts" time="0">
<skipped>
</skipped>
</testcase>
<testcase name="Settings › Tab Navigation › YAML Editor tab shows aria-selected when active" classname="e2e/settings.spec.ts" time="0">
<skipped>
</skipped>
</testcase>
<testcase name="Settings › Tab Navigation › keyboard arrow keys switch between tabs" classname="e2e/settings.spec.ts" time="0">
<skipped>
</skipped>
</testcase>
<testcase name="Settings › Tab Navigation › all settings sections are scrollable in Form Editor" classname="e2e/settings.spec.ts" time="0">
<skipped>
</skipped>
</testcase>
<testcase name="Settings › General Settings Form Update and Persistence › can modify hostname field" classname="e2e/settings.spec.ts" time="0">
<skipped>
</skipped>
</testcase>
<testcase name="Settings › General Settings Form Update and Persistence › can modify timezone field" classname="e2e/settings.spec.ts" time="0">
<skipped>
</skipped>
</testcase>
<testcase name="Settings › General Settings Form Update and Persistence › can modify log level field" classname="e2e/settings.spec.ts" time="0">
<skipped>
</skipped>
</testcase>
<testcase name="Settings › General Settings Form Update and Persistence › can modify authentication settings" classname="e2e/settings.spec.ts" time="0">
<skipped>
</skipped>
</testcase>
<testcase name="Settings › General Settings Form Update and Persistence › Save Configuration button is clickable after changes" classname="e2e/settings.spec.ts" time="0">
<skipped>
</skipped>
</testcase>
<testcase name="Settings › General Settings Form Update and Persistence › form values persist after saving and reloading" classname="e2e/settings.spec.ts" time="0">
<skipped>
</skipped>
</testcase>
<testcase name="Settings › General Settings Form Update and Persistence › can toggle boolean settings" classname="e2e/settings.spec.ts" time="0">
<skipped>
</skipped>
</testcase>
<testcase name="Settings › General Settings Form Update and Persistence › monitoring settings can be updated" classname="e2e/settings.spec.ts" time="0">
<skipped>
</skipped>
</testcase>
<testcase name="Settings › General Settings Form Update and Persistence › cluster management settings can be updated" classname="e2e/settings.spec.ts" time="0">
<skipped>
</skipped>
</testcase>
</testsuite>
</testsuites>